#
# There is insufficient memory for the Java Runtime Environment to continue.
# Native memory allocation (mmap) failed to map 473432064 bytes for committing reserved memory.
# Possible reasons:
#   The system is out of physical RAM or swap space
#   In 32 bit mode, the process size limit was hit
# Possible solutions:
#   Reduce memory load on the system
#   Increase physical memory or swap space
#   Check if swap backing store is full
#   Use 64 bit Java on a 64 bit OS
#   Decrease Java heap size (-Xmx/-Xms)
#   Decrease number of Java threads
#   Decrease Java thread stack sizes (-Xss)
#   Set larger code cache with -XX:ReservedCodeCacheSize=
# This output file may be truncated or incomplete.
#
#  Out of Memory Error (os_linux.cpp:2640), pid=9434, tid=0x00007f9fbd703700
#
# JRE version: Java(TM) SE Runtime Environment (8.0_151-b12) (build 1.8.0_151-b12)
# Java VM: Java HotSpot(TM) 64-Bit Server VM (25.151-b12 mixed mode linux-amd64 compressed oops)
# Failed to write core dump. Core dumps have been disabled. To enable core dumping, try "ulimit -c unlimited" before starting Java again
#

---------------  T H R E A D  ---------------

Current thread (0x00007f9fe4140800):  VMThread [stack: 0x00007f9fbd603000,0x00007f9fbd704000] [id=9445]

Stack: [0x00007f9fbd603000,0x00007f9fbd704000],  sp=0x00007f9fbd7020a0,  free space=1020k
Native frames: (J=compiled Java code, j=interpreted, Vv=VM code, C=native code)
V  [libjvm.so+0xacb58a]  VMError::report_and_die()+0x2ba
V  [libjvm.so+0x4ff4ab]  report_vm_out_of_memory(char const*, int, unsigned long, VMErrorType, char const*)+0x8b
V  [libjvm.so+0x928113]  os::Linux::commit_memory_impl(char*, unsigned long, bool)+0x103
V  [libjvm.so+0x928669]  os::pd_commit_memory(char*, unsigned long, unsigned long, bool)+0x29
V  [libjvm.so+0x92288a]  os::commit_memory(char*, unsigned long, unsigned long, bool)+0x2a
V  [libjvm.so+0x9973e3]  PSVirtualSpace::expand_by(unsigned long)+0x53
V  [libjvm.so+0x987ca0]  PSOldGen::expand(unsigned long)+0x170
V  [libjvm.so+0x987eab]  PSOldGen::resize(unsigned long)+0x1cb
V  [libjvm.so+0x98fbb1]  PSParallelCompact::invoke_no_policy(bool)+0x991
V  [libjvm.so+0x99550d]  PSScavenge::invoke()+0x1ad
V  [libjvm.so+0x94c0d0]  ParallelScavengeHeap::failed_mem_allocate(unsigned long)+0x70
V  [libjvm.so+0xaccfa7]  VM_ParallelGCFailedAllocation::doit()+0x97
V  [libjvm.so+0xad4a85]  VM_Operation::evaluate()+0x55
V  [libjvm.so+0xad2e5a]  VMThread::evaluate_operation(VM_Operation*)+0xba
V  [libjvm.so+0xad31de]  VMThread::loop()+0x1ce
V  [libjvm.so+0xad3650]  VMThread::run()+0x70
V  [libjvm.so+0x92a728]  java_start(Thread*)+0x108

VM_Operation (0x00007f9f7affae10): ParallelGCFailedAllocation, mode: safepoint, requested by thread 0x00007f9fe4383000


---------------  P R O C E S S  ---------------

Java Threads: ( => current thread )
  0x00007f9fe4386800 JavaThread "JavaFX-Launcher" [_thread_blocked, id=9471, stack(0x00007f9f7adfc000,0x00007f9f7aefd000)]
  0x00007f9fe4383000 JavaThread "JavaFX Application Thread" [_thread_blocked, id=9469, stack(0x00007f9f7aefd000,0x00007f9f7affe000)]
  0x00007f9fe437e800 JavaThread "Thread-1" daemon [_thread_blocked, id=9468, stack(0x00007f9fa40f0000,0x00007f9fa41f1000)]
  0x00007f9fe42bf000 JavaThread "QuantumRenderer-0" daemon [_thread_blocked, id=9464, stack(0x00007f9fbc674000,0x00007f9fbc775000)]
  0x00007f9fe421f000 JavaThread "Service Thread" daemon [_thread_blocked, id=9462, stack(0x00007f9fbc90c000,0x00007f9fbca0d000)]
  0x00007f9fe421c000 JavaThread "C1 CompilerThread2" daemon [_thread_blocked, id=9461, stack(0x00007f9fbca0d000,0x00007f9fbcb0e000)]
  0x00007f9fe421a000 JavaThread "C2 CompilerThread1" daemon [_thread_blocked, id=9460, stack(0x00007f9fbcb0e000,0x00007f9fbcc0f000)]
  0x00007f9fe4218000 JavaThread "C2 CompilerThread0" daemon [_thread_blocked, id=9458, stack(0x00007f9fbce26000,0x00007f9fbcf27000)]
  0x00007f9fe4216800 JavaThread "Monitor Ctrl-Break" daemon [_thread_in_native, id=9457, stack(0x00007f9fbcf27000,0x00007f9fbd028000)]
  0x00007f9fe4180000 JavaThread "Signal Dispatcher" daemon [_thread_blocked, id=9455, stack(0x00007f9fbd028000,0x00007f9fbd129000)]
  0x00007f9fe414c800 JavaThread "Finalizer" daemon [_thread_blocked, id=9449, stack(0x00007f9fbd401000,0x00007f9fbd502000)]
  0x00007f9fe4148000 JavaThread "Reference Handler" daemon [_thread_blocked, id=9447, stack(0x00007f9fbd502000,0x00007f9fbd603000)]
  0x00007f9fe400b000 JavaThread "main" [_thread_blocked, id=9435, stack(0x00007f9fec5db000,0x00007f9fec6dc000)]

Other Threads:
=>0x00007f9fe4140800 VMThread [stack: 0x00007f9fbd603000,0x00007f9fbd704000] [id=9445]
  0x00007f9fe4224000 WatcherThread [stack: 0x00007f9fbc80b000,0x00007f9fbc90c000] [id=9463]

VM state:at safepoint (normal execution)

VM Mutex/Monitor currently owned by a thread:  ([mutex/lock_event])
[0x00007f9fe40072f0] ExpandHeap_lock - owner thread: 0x00007f9fe4140800
[0x00007f9fe4007970] Threads_lock - owner thread: 0x00007f9fe4140800
[0x00007f9fe4007e70] Heap_lock - owner thread: 0x00007f9fe4383000

Heap:
 PSYoungGen      total 576000K, used 0K [0x0000000782100000, 0x00000007beb80000, 0x00000007c0000000)
  eden space 238080K, 0% used [0x0000000782100000,0x0000000782100000,0x0000000790980000)
  from space 337920K, 0% used [0x0000000790980000,0x0000000790980000,0x00000007a5380000)
  to   space 337920K, 0% used [0x00000007aa180000,0x00000007aa180000,0x00000007beb80000)
 ParOldGen       total 1568256K, used 1564814K [0x0000000706200000, 0x0000000765d80000, 0x0000000782100000)
  object space 1568256K, 99% used [0x0000000706200000,0x0000000765a23a98,0x0000000765d80000)
 Metaspace       used 9645K, capacity 10094K, committed 10368K, reserved 1058816K
  class space    used 1194K, capacity 1325K, committed 1408K, reserved 1048576K

Card table byte_map: [0x00007f9fe8ba4000,0x00007f9fe9174000] byte_map_base: 0x00007f9fe5373000

Marking Bits: (ParMarkBitMap*) 0x00007f9febaaff80
 Begin Bits: [0x00007f9fbe310000, 0x00007f9fc1188000)
 End Bits:   [0x00007f9fc1188000, 0x00007f9fc4000000)

Polling page: 0x00007f9fec700000

CodeCache: size=245760Kb used=3877Kb max_used=3894Kb free=241882Kb
 bounds [0x00007f9fd5000000, 0x00007f9fd53e0000, 0x00007f9fe4000000]
 total_blobs=1569 nmethods=1092 adapters=391
 compilation: enabled

Compilation events (10 events):
Event: 5.481 Thread 0x00007f9fe421a000 1096 %     4       com.fm.scheduling.ui.calendarTest.MyCalendarView::start @ 49 (158 bytes)
Event: 5.496 Thread 0x00007f9fe421a000 nmethod 1096% 0x00007f9fd53b9c50 code [0x00007f9fd53b9f40, 0x00007f9fd53bb070]
Event: 5.967 Thread 0x00007f9fe4218000 1097       4       java.util.HashMap::put (13 bytes)
Event: 5.968 Thread 0x00007f9fe421a000 1098       4       java.util.HashMap::hash (20 bytes)
Event: 5.969 Thread 0x00007f9fe421a000 nmethod 1098 0x00007f9fd53bc310 code [0x00007f9fd53bc460, 0x00007f9fd53bc518]
Event: 5.969 Thread 0x00007f9fe4218000 nmethod 1097 0x00007f9fd53af090 code [0x00007f9fd53af1e0, 0x00007f9fd53af308]
Event: 6.028 Thread 0x00007f9fe421a000 1099       4       java.util.HashMap::putVal (300 bytes)
Event: 6.028 Thread 0x00007f9fe4218000 1100       4       java.util.HashMap::newNode (13 bytes)
Event: 6.029 Thread 0x00007f9fe4218000 nmethod 1100 0x00007f9fd53a5310 code [0x00007f9fd53a5460, 0x00007f9fd53a5578]
Event: 6.036 Thread 0x00007f9fe421a000 nmethod 1099 0x00007f9fd53ce790 code [0x00007f9fd53ce980, 0x00007f9fd53cf300]

GC Heap History (10 events):
Event: 13.220 GC heap after
Heap after GC invocations=14 (full 4):
 PSYoungGen      total 510976K, used 213225K [0x0000000782100000, 0x00000007b6880000, 0x00000007c0000000)
  eden space 183808K, 0% used [0x0000000782100000,0x0000000782100000,0x000000078d480000)
  from space 327168K, 65% used [0x00000007a2900000,0x00000007af93a798,0x00000007b6880000)
  to   space 337920K, 0% used [0x000000078d480000,0x000000078d480000,0x00000007a1e80000)
 ParOldGen       total 1055744K, used 819755K [0x0000000706200000, 0x0000000746900000, 0x0000000782100000)
  object space 1055744K, 77% used [0x0000000706200000,0x000000073828af60,0x0000000746900000)
 Metaspace       used 9645K, capacity 10094K, committed 10368K, reserved 1058816K
  class space    used 1194K, capacity 1325K, committed 1408K, reserved 1048576K
}
Event: 13.333 GC heap before
{Heap before GC invocations=15 (full 4):
 PSYoungGen      total 510976K, used 397033K [0x0000000782100000, 0x00000007b6880000, 0x00000007c0000000)
  eden space 183808K, 100% used [0x0000000782100000,0x000000078d480000,0x000000078d480000)
  from space 327168K, 65% used [0x00000007a2900000,0x00000007af93a798,0x00000007b6880000)
  to   space 337920K, 0% used [0x000000078d480000,0x000000078d480000,0x00000007a1e80000)
 ParOldGen       total 1055744K, used 819755K [0x0000000706200000, 0x0000000746900000, 0x0000000782100000)
  object space 1055744K, 77% used [0x0000000706200000,0x000000073828af60,0x0000000746900000)
 Metaspace       used 9645K, capacity 10094K, committed 10368K, reserved 1058816K
  class space    used 1194K, capacity 1325K, committed 1408K, reserved 1048576K
Event: 13.718 GC heap after
Heap after GC invocations=15 (full 4):
 PSYoungGen      total 521728K, used 164747K [0x0000000782100000, 0x00000007ba500000, 0x00000007c0000000)
  eden space 183808K, 0% used [0x0000000782100000,0x0000000782100000,0x000000078d480000)
  from space 337920K, 48% used [0x000000078d480000,0x0000000797562f28,0x00000007a1e80000)
  to   space 337920K, 0% used [0x00000007a5b00000,0x00000007a5b00000,0x00000007ba500000)
 ParOldGen       total 1055744K, used 1036557K [0x0000000706200000, 0x0000000746900000, 0x0000000782100000)
  object space 1055744K, 98% used [0x0000000706200000,0x00000007456436f8,0x0000000746900000)
 Metaspace       used 9645K, capacity 10094K, committed 10368K, reserved 1058816K
  class space    used 1194K, capacity 1325K, committed 1408K, reserved 1048576K
}
Event: 13.718 GC heap before
{Heap before GC invocations=16 (full 5):
 PSYoungGen      total 521728K, used 164747K [0x0000000782100000, 0x00000007ba500000, 0x00000007c0000000)
  eden space 183808K, 0% used [0x0000000782100000,0x0000000782100000,0x000000078d480000)
  from space 337920K, 48% used [0x000000078d480000,0x0000000797562f28,0x00000007a1e80000)
  to   space 337920K, 0% used [0x00000007a5b00000,0x00000007a5b00000,0x00000007ba500000)
 ParOldGen       total 1055744K, used 1036557K [0x0000000706200000, 0x0000000746900000, 0x0000000782100000)
  object space 1055744K, 98% used [0x0000000706200000,0x00000007456436f8,0x0000000746900000)
 Metaspace       used 9645K, capacity 10094K, committed 10368K, reserved 1058816K
  class space    used 1194K, capacity 1325K, committed 1408K, reserved 1048576K
Event: 16.529 GC heap after
Heap after GC invocations=16 (full 5):
 PSYoungGen      total 521728K, used 134676K [0x0000000782100000, 0x00000007ba500000, 0x00000007c0000000)
  eden space 183808K, 0% used [0x0000000782100000,0x0000000782100000,0x000000078d480000)
  from space 337920K, 39% used [0x000000078d480000,0x00000007958050e0,0x00000007a1e80000)
  to   space 337920K, 0% used [0x00000007a5b00000,0x00000007a5b00000,0x00000007ba500000)
 ParOldGen       total 1568256K, used 1055421K [0x0000000706200000, 0x0000000765d80000, 0x0000000782100000)
  object space 1568256K, 67% used [0x0000000706200000,0x00000007468af408,0x0000000765d80000)
 Metaspace       used 9645K, capacity 10094K, committed 10368K, reserved 1058816K
  class space    used 1194K, capacity 1325K, committed 1408K, reserved 1048576K
}
Event: 16.589 GC heap before
{Heap before GC invocations=17 (full 5):
 PSYoungGen      total 521728K, used 318484K [0x0000000782100000, 0x00000007ba500000, 0x00000007c0000000)
  eden space 183808K, 100% used [0x0000000782100000,0x000000078d480000,0x000000078d480000)
  from space 337920K, 39% used [0x000000078d480000,0x00000007958050e0,0x00000007a1e80000)
  to   space 337920K, 0% used [0x00000007a5b00000,0x00000007a5b00000,0x00000007ba500000)
 ParOldGen       total 1568256K, used 1055421K [0x0000000706200000, 0x0000000765d80000, 0x0000000782100000)
  object space 1568256K, 67% used [0x0000000706200000,0x00000007468af408,0x0000000765d80000)
 Metaspace       used 9645K, capacity 10094K, committed 10368K, reserved 1058816K
  class space    used 1194K, capacity 1325K, committed 1408K, reserved 1048576K
Event: 17.692 GC heap after
Heap after GC invocations=17 (full 5):
 PSYoungGen      total 568320K, used 164414K [0x0000000782100000, 0x00000007b9d80000, 0x00000007c0000000)
  eden space 238080K, 0% used [0x0000000782100000,0x0000000782100000,0x0000000790980000)
  from space 330240K, 49% used [0x00000007a5b00000,0x00000007afb8fb58,0x00000007b9d80000)
  to   space 337920K, 0% used [0x0000000790980000,0x0000000790980000,0x00000007a5380000)
 ParOldGen       total 1568256K, used 1192795K [0x0000000706200000, 0x0000000765d80000, 0x0000000782100000)
  object space 1568256K, 76% used [0x0000000706200000,0x000000074eed6d38,0x0000000765d80000)
 Metaspace       used 9645K, capacity 10094K, committed 10368K, reserved 1058816K
  class space    used 1194K, capacity 1325K, committed 1408K, reserved 1048576K
}
Event: 17.799 GC heap before
{Heap before GC invocations=18 (full 5):
 PSYoungGen      total 568320K, used 402494K [0x0000000782100000, 0x00000007b9d80000, 0x00000007c0000000)
  eden space 238080K, 100% used [0x0000000782100000,0x0000000790980000,0x0000000790980000)
  from space 330240K, 49% used [0x00000007a5b00000,0x00000007afb8fb58,0x00000007b9d80000)
  to   space 337920K, 0% used [0x0000000790980000,0x0000000790980000,0x00000007a5380000)
 ParOldGen       total 1568256K, used 1192795K [0x0000000706200000, 0x0000000765d80000, 0x0000000782100000)
  object space 1568256K, 76% used [0x0000000706200000,0x000000074eed6d38,0x0000000765d80000)
 Metaspace       used 9645K, capacity 10094K, committed 10368K, reserved 1058816K
  class space    used 1194K, capacity 1325K, committed 1408K, reserved 1048576K
Event: 18.222 GC heap after
Heap after GC invocations=18 (full 5):
 PSYoungGen      total 576000K, used 213024K [0x0000000782100000, 0x00000007beb80000, 0x00000007c0000000)
  eden space 238080K, 0% used [0x0000000782100000,0x0000000782100000,0x0000000790980000)
  from space 337920K, 63% used [0x0000000790980000,0x000000079d988000,0x00000007a5380000)
  to   space 337920K, 0% used [0x00000007aa180000,0x00000007aa180000,0x00000007beb80000)
 ParOldGen       total 1568256K, used 1359530K [0x0000000706200000, 0x0000000765d80000, 0x0000000782100000)
  object space 1568256K, 86% used [0x0000000706200000,0x00000007591aa890,0x0000000765d80000)
 Metaspace       used 9645K, capacity 10094K, committed 10368K, reserved 1058816K
  class space    used 1194K, capacity 1325K, committed 1408K, reserved 1048576K
}
Event: 18.222 GC heap before
{Heap before GC invocations=19 (full 6):
 PSYoungGen      total 576000K, used 213024K [0x0000000782100000, 0x00000007beb80000, 0x00000007c0000000)
  eden space 238080K, 0% used [0x0000000782100000,0x0000000782100000,0x0000000790980000)
  from space 337920K, 63% used [0x0000000790980000,0x000000079d988000,0x00000007a5380000)
  to   space 337920K, 0% used [0x00000007aa180000,0x00000007aa180000,0x00000007beb80000)
 ParOldGen       total 1568256K, used 1359530K [0x0000000706200000, 0x0000000765d80000, 0x0000000782100000)
  object space 1568256K, 86% used [0x0000000706200000,0x00000007591aa890,0x0000000765d80000)
 Metaspace       used 9645K, capacity 10094K, committed 10368K, reserved 1058816K
  class space    used 1194K, capacity 1325K, committed 1408K, reserved 1048576K

Deoptimization events (10 events):
Event: 0.460 Thread 0x00007f9fe4383000 Uncommon trap: reason=unstable_if action=reinterpret pc=0x00007f9fd51a8158 method=java.lang.String.replace(CC)Ljava/lang/String; @ 2
Event: 0.557 Thread 0x00007f9fe4383000 Uncommon trap: reason=unstable_if action=reinterpret pc=0x00007f9fd5229c94 method=sun.misc.MetaIndex.mayContain(Ljava/lang/String;)Z @ 13
Event: 0.596 Thread 0x00007f9fe4383000 Uncommon trap: reason=unstable_if action=reinterpret pc=0x00007f9fd524eec8 method=java.lang.String.replace(CC)Ljava/lang/String; @ 26
Event: 0.631 Thread 0x00007f9fe4383000 Uncommon trap: reason=unstable_if action=reinterpret pc=0x00007f9fd5262f78 method=java.util.HashMap.getNode(ILjava/lang/Object;)Ljava/util/HashMap$Node; @ 84
Event: 3.687 Thread 0x00007f9fe4383000 Uncommon trap: reason=bimorphic action=maybe_recompile pc=0x00007f9fd534e4e4 method=java.util.HashMap.putVal(ILjava/lang/Object;Ljava/lang/Object;ZZ)Ljava/lang/Object; @ 91
Event: 3.788 Thread 0x00007f9fe4383000 Uncommon trap: reason=class_check action=maybe_recompile pc=0x00007f9fd534e524 method=java.util.HashMap.putVal(ILjava/lang/Object;Ljava/lang/Object;ZZ)Ljava/lang/Object; @ 203
Event: 5.504 Thread 0x00007f9fe4383000 Uncommon trap: reason=bimorphic action=maybe_recompile pc=0x00007f9fd534e4e4 method=java.util.HashMap.putVal(ILjava/lang/Object;Ljava/lang/Object;ZZ)Ljava/lang/Object; @ 91
Event: 5.963 Thread 0x00007f9fe4383000 Uncommon trap: reason=bimorphic action=maybe_recompile pc=0x00007f9fd534e4e4 method=java.util.HashMap.putVal(ILjava/lang/Object;Ljava/lang/Object;ZZ)Ljava/lang/Object; @ 91
Event: 5.967 Thread 0x00007f9fe4383000 Uncommon trap: reason=bimorphic action=maybe_recompile pc=0x00007f9fd534e4e4 method=java.util.HashMap.putVal(ILjava/lang/Object;Ljava/lang/Object;ZZ)Ljava/lang/Object; @ 91
Event: 6.028 Thread 0x00007f9fe4383000 Uncommon trap: reason=bimorphic action=maybe_recompile pc=0x00007f9fd532e90c method=java.util.HashMap.putVal(ILjava/lang/Object;Ljava/lang/Object;ZZ)Ljava/lang/Object; @ 91

Internal exceptions (10 events):
Event: 0.024 Thread 0x00007f9fe400b000 Exception <a 'java/lang/NoSuchMethodError': Method sun.misc.Unsafe.prefetchRead(Ljava/lang/Object;J)V name or signature does not match> (0x0000000782107f90) thrown at [/HUDSON/workspace/8-2-build-linux-amd64/jdk8u151/9699/hotspot/src/share/vm/prims/jni.cp
Event: 0.189 Thread 0x00007f9fe400b000 Exception <a 'java/lang/NoSuchFieldError': method resolution failed> (0x0000000782588308) thrown at [/HUDSON/workspace/8-2-build-linux-amd64/jdk8u151/9699/hotspot/src/share/vm/prims/methodHandles.cpp, line 1146]
Event: 0.201 Thread 0x00007f9fe400b000 Exception <a 'java/lang/NoSuchFieldError': method resolution failed> (0x0000000782595f28) thrown at [/HUDSON/workspace/8-2-build-linux-amd64/jdk8u151/9699/hotspot/src/share/vm/prims/methodHandles.cpp, line 1146]
Event: 0.222 Thread 0x00007f9fe400b000 Exception <a 'java/security/PrivilegedActionException'> (0x0000000782641a28) thrown at [/HUDSON/workspace/8-2-build-linux-amd64/jdk8u151/9699/hotspot/src/share/vm/prims/jvm.cpp, line 1390]
Event: 0.222 Thread 0x00007f9fe400b000 Exception <a 'java/security/PrivilegedActionException'> (0x0000000782641c38) thrown at [/HUDSON/workspace/8-2-build-linux-amd64/jdk8u151/9699/hotspot/src/share/vm/prims/jvm.cpp, line 1390]
Event: 0.222 Thread 0x00007f9fe400b000 Exception <a 'java/security/PrivilegedActionException'> (0x00000007826440a0) thrown at [/HUDSON/workspace/8-2-build-linux-amd64/jdk8u151/9699/hotspot/src/share/vm/prims/jvm.cpp, line 1390]
Event: 0.222 Thread 0x00007f9fe400b000 Exception <a 'java/security/PrivilegedActionException'> (0x00000007826442b0) thrown at [/HUDSON/workspace/8-2-build-linux-amd64/jdk8u151/9699/hotspot/src/share/vm/prims/jvm.cpp, line 1390]
Event: 0.223 Thread 0x00007f9fe400b000 Exception <a 'java/lang/NullPointerException'> (0x0000000782644cb8) thrown at [/HUDSON/workspace/8-2-build-linux-amd64/jdk8u151/9699/hotspot/src/share/vm/interpreter/linkResolver.cpp, line 1183]
Event: 0.531 Thread 0x00007f9fe4383000 Exception <a 'java/lang/NullPointerException'> (0x00000007830f1040) thrown at [/HUDSON/workspace/8-2-build-linux-amd64/jdk8u151/9699/hotspot/src/share/vm/interpreter/linkResolver.cpp, line 1183]
Event: 0.531 Thread 0x00007f9fe4383000 Exception <a 'java/lang/NullPointerException'> (0x00000007830f1040) thrown at [/HUDSON/workspace/8-2-build-linux-amd64/jdk8u151/9699/hotspot/src/share/vm/prims/jvm.cpp, line 1394]

Events (10 events):
Event: 6.853 Executing VM operation: ParallelGCFailedAllocation done
Event: 6.905 Executing VM operation: ParallelGCFailedAllocation
Event: 12.570 Executing VM operation: ParallelGCFailedAllocation done
Event: 12.623 Executing VM operation: ParallelGCFailedAllocation
Event: 13.220 Executing VM operation: ParallelGCFailedAllocation done
Event: 13.333 Executing VM operation: ParallelGCFailedAllocation
Event: 16.529 Executing VM operation: ParallelGCFailedAllocation done
Event: 16.589 Executing VM operation: ParallelGCFailedAllocation
Event: 17.707 Executing VM operation: ParallelGCFailedAllocation done
Event: 17.799 Executing VM operation: ParallelGCFailedAllocation


Dynamic libraries:
00400000-00401000 r-xp 00000000 08:05 6372270                            /usr/lib/jvm/java-8-oracle/bin/java
00600000-00601000 rw-p 00000000 08:05 6372270                            /usr/lib/jvm/java-8-oracle/bin/java
014b5000-014d6000 rw-p 00000000 00:00 0                                  [heap]
706200000-765d80000 rw-p 00000000 00:00 0 
782100000-7beb80000 rw-p 00000000 00:00 0 
7beb80000-7c0000000 ---p 00000000 00:00 0 
7c0000000-7c0160000 rw-p 00000000 00:00 0 
7c0160000-800000000 ---p 00000000 00:00 0 
7f9f64000000-7f9f640dc000 rw-p 00000000 00:00 0 
7f9f640dc000-7f9f68000000 ---p 00000000 00:00 0 
7f9f68000000-7f9f68021000 rw-p 00000000 00:00 0 
7f9f68021000-7f9f6c000000 ---p 00000000 00:00 0 
7f9f6c000000-7f9f6c021000 rw-p 00000000 00:00 0 
7f9f6c021000-7f9f70000000 ---p 00000000 00:00 0 
7f9f70000000-7f9f70021000 rw-p 00000000 00:00 0 
7f9f70021000-7f9f74000000 ---p 00000000 00:00 0 
7f9f74000000-7f9f74022000 rw-p 00000000 00:00 0 
7f9f74022000-7f9f78000000 ---p 00000000 00:00 0 
7f9f7a9f9000-7f9f7aab9000 rw-p 00000000 00:00 0 
7f9f7aab9000-7f9f7abf9000 ---p 00000000 00:00 0 
7f9f7abf9000-7f9f7abfc000 r-xp 00000000 08:05 6493208                    /usr/lib/jvm/java-8-oracle/jre/lib/amd64/libjavafx_font.so
7f9f7abfc000-7f9f7adfb000 ---p 00003000 08:05 6493208                    /usr/lib/jvm/java-8-oracle/jre/lib/amd64/libjavafx_font.so
7f9f7adfb000-7f9f7adfc000 rw-p 00002000 08:05 6493208                    /usr/lib/jvm/java-8-oracle/jre/lib/amd64/libjavafx_font.so
7f9f7adfc000-7f9f7adff000 ---p 00000000 00:00 0 
7f9f7adff000-7f9f7aefd000 rw-p 00000000 00:00 0 
7f9f7aefd000-7f9f7af00000 ---p 00000000 00:00 0 
7f9f7af00000-7f9f7affe000 rw-p 00000000 00:00 0 
7f9f7affe000-7f9f7afff000 ---p 00000000 00:00 0 
7f9f7afff000-7f9f7b7ff000 rw-p 00000000 00:00 0 
7f9f7b7ff000-7f9f7b800000 ---p 00000000 00:00 0 
7f9f7b800000-7f9f7c000000 rw-p 00000000 00:00 0 
7f9f7c000000-7f9f7c021000 rw-p 00000000 00:00 0 
7f9f7c021000-7f9f80000000 ---p 00000000 00:00 0 
7f9f800c1000-7f9f800c2000 ---p 00000000 00:00 0 
7f9f800c2000-7f9f808c2000 rw-p 00000000 00:00 0 
7f9f808c2000-7f9f808cd000 r-xp 00000000 08:05 6425693                    /usr/lib/x86_64-linux-gnu/gio/modules/libdconfsettings.so
7f9f808cd000-7f9f80acd000 ---p 0000b000 08:05 6425693                    /usr/lib/x86_64-linux-gnu/gio/modules/libdconfsettings.so
7f9f80acd000-7f9f80ace000 r--p 0000b000 08:05 6425693                    /usr/lib/x86_64-linux-gnu/gio/modules/libdconfsettings.so
7f9f80ace000-7f9f80acf000 rw-p 0000c000 08:05 6425693                    /usr/lib/x86_64-linux-gnu/gio/modules/libdconfsettings.so
7f9f80acf000-7f9f80ad6000 r-xp 00000000 08:05 6169703                    /usr/lib/x86_64-linux-gnu/libogg.so.0.8.2
7f9f80ad6000-7f9f80cd6000 ---p 00007000 08:05 6169703                    /usr/lib/x86_64-linux-gnu/libogg.so.0.8.2
7f9f80cd6000-7f9f80cd7000 r--p 00007000 08:05 6169703                    /usr/lib/x86_64-linux-gnu/libogg.so.0.8.2
7f9f80cd7000-7f9f80cd8000 rw-p 00008000 08:05 6169703                    /usr/lib/x86_64-linux-gnu/libogg.so.0.8.2
7f9f80cd8000-7f9f80d02000 r-xp 00000000 08:05 6170051                    /usr/lib/x86_64-linux-gnu/libvorbis.so.0.4.8
7f9f80d02000-7f9f80f02000 ---p 0002a000 08:05 6170051                    /usr/lib/x86_64-linux-gnu/libvorbis.so.0.4.8
7f9f80f02000-7f9f80f03000 r--p 0002a000 08:05 6170051                    /usr/lib/x86_64-linux-gnu/libvorbis.so.0.4.8
7f9f80f03000-7f9f80f04000 rw-p 0002b000 08:05 6170051                    /usr/lib/x86_64-linux-gnu/libvorbis.so.0.4.8
7f9f80f04000-7f9f80f0d000 r-xp 00000000 08:05 6169570                    /usr/lib/x86_64-linux-gnu/libltdl.so.7.3.1
7f9f80f0d000-7f9f8110c000 ---p 00009000 08:05 6169570                    /usr/lib/x86_64-linux-gnu/libltdl.so.7.3.1
7f9f8110c000-7f9f8110d000 r--p 00008000 08:05 6169570                    /usr/lib/x86_64-linux-gnu/libltdl.so.7.3.1
7f9f8110d000-7f9f8110e000 rw-p 00009000 08:05 6169570                    /usr/lib/x86_64-linux-gnu/libltdl.so.7.3.1
7f9f8110e000-7f9f81122000 r-xp 00000000 08:05 6169944                    /usr/lib/x86_64-linux-gnu/libtdb.so.1.3.8
7f9f81122000-7f9f81321000 ---p 00014000 08:05 6169944                    /usr/lib/x86_64-linux-gnu/libtdb.so.1.3.8
7f9f81321000-7f9f81322000 r--p 00013000 08:05 6169944                    /usr/lib/x86_64-linux-gnu/libtdb.so.1.3.8
7f9f81322000-7f9f81323000 rw-p 00014000 08:05 6169944                    /usr/lib/x86_64-linux-gnu/libtdb.so.1.3.8
7f9f81323000-7f9f8132a000 r-xp 00000000 08:05 6170055                    /usr/lib/x86_64-linux-gnu/libvorbisfile.so.3.3.7
7f9f8132a000-7f9f8152a000 ---p 00007000 08:05 6170055                    /usr/lib/x86_64-linux-gnu/libvorbisfile.so.3.3.7
7f9f8152a000-7f9f8152b000 r--p 00007000 08:05 6170055                    /usr/lib/x86_64-linux-gnu/libvorbisfile.so.3.3.7
7f9f8152b000-7f9f8152c000 rw-p 00008000 08:05 6170055                    /usr/lib/x86_64-linux-gnu/libvorbisfile.so.3.3.7
7f9f8152c000-7f9f8153c000 r-xp 00000000 08:05 6168967                    /usr/lib/x86_64-linux-gnu/libcanberra.so.0.2.5
7f9f8153c000-7f9f8173b000 ---p 00010000 08:05 6168967                    /usr/lib/x86_64-linux-gnu/libcanberra.so.0.2.5
7f9f8173b000-7f9f8173c000 r--p 0000f000 08:05 6168967                    /usr/lib/x86_64-linux-gnu/libcanberra.so.0.2.5
7f9f8173c000-7f9f8173d000 rw-p 00010000 08:05 6168967                    /usr/lib/x86_64-linux-gnu/libcanberra.so.0.2.5
7f9f8173d000-7f9f81741000 r-xp 00000000 08:05 6168963                    /usr/lib/x86_64-linux-gnu/libcanberra-gtk.so.0.1.9
7f9f81741000-7f9f81940000 ---p 00004000 08:05 6168963                    /usr/lib/x86_64-linux-gnu/libcanberra-gtk.so.0.1.9
7f9f81940000-7f9f81941000 r--p 00003000 08:05 6168963                    /usr/lib/x86_64-linux-gnu/libcanberra-gtk.so.0.1.9
7f9f81941000-7f9f81942000 rw-p 00004000 08:05 6168963                    /usr/lib/x86_64-linux-gnu/libcanberra-gtk.so.0.1.9
7f9f81942000-7f9f81947000 r-xp 00000000 08:05 6425908                    /usr/lib/x86_64-linux-gnu/gtk-2.0/modules/libcanberra-gtk-module.so
7f9f81947000-7f9f81b46000 ---p 00005000 08:05 6425908                    /usr/lib/x86_64-linux-gnu/gtk-2.0/modules/libcanberra-gtk-module.so
7f9f81b46000-7f9f81b47000 r--p 00004000 08:05 6425908                    /usr/lib/x86_64-linux-gnu/gtk-2.0/modules/libcanberra-gtk-module.so
7f9f81b47000-7f9f81b48000 rw-p 00005000 08:05 6425908                    /usr/lib/x86_64-linux-gnu/gtk-2.0/modules/libcanberra-gtk-module.so
7f9f81b48000-7f9f81b78000 r-xp 00000000 08:05 6423567                    /usr/lib/x86_64-linux-gnu/gtk-2.0/2.10.0/engines/libmurrine.so
7f9f81b78000-7f9f81d78000 ---p 00030000 08:05 6423567                    /usr/lib/x86_64-linux-gnu/gtk-2.0/2.10.0/engines/libmurrine.so
7f9f81d78000-7f9f81d79000 r--p 00030000 08:05 6423567                    /usr/lib/x86_64-linux-gnu/gtk-2.0/2.10.0/engines/libmurrine.so
7f9f81d79000-7f9f81d7a000 rw-p 00031000 08:05 6423567                    /usr/lib/x86_64-linux-gnu/gtk-2.0/2.10.0/engines/libmurrine.so
7f9f81d7a000-7f9f81d8a000 r-xp 00000000 08:05 6170000                    /usr/lib/x86_64-linux-gnu/libunity-gtk2-parser.so.0.0.0
7f9f81d8a000-7f9f81f8a000 ---p 00010000 08:05 6170000                    /usr/lib/x86_64-linux-gnu/libunity-gtk2-parser.so.0.0.0
7f9f81f8a000-7f9f81f8b000 r--p 00010000 08:05 6170000                    /usr/lib/x86_64-linux-gnu/libunity-gtk2-parser.so.0.0.0
7f9f81f8b000-7f9f81f8c000 rw-p 00011000 08:05 6170000                    /usr/lib/x86_64-linux-gnu/libunity-gtk2-parser.so.0.0.0
7f9f81f8c000-7f9f81f91000 r-xp 00000000 08:05 6425912                    /usr/lib/x86_64-linux-gnu/gtk-2.0/modules/libunity-gtk-module.so
7f9f81f91000-7f9f82190000 ---p 00005000 08:05 6425912                    /usr/lib/x86_64-linux-gnu/gtk-2.0/modules/libunity-gtk-module.so
7f9f82190000-7f9f82191000 r--p 00004000 08:05 6425912                    /usr/lib/x86_64-linux-gnu/gtk-2.0/modules/libunity-gtk-module.so
7f9f82191000-7f9f82192000 rw-p 00005000 08:05 6425912                    /usr/lib/x86_64-linux-gnu/gtk-2.0/modules/libunity-gtk-module.so
7f9f82192000-7f9f821a4000 r-xp 00000000 08:05 1577503                    /lib/x86_64-linux-gnu/libgpg-error.so.0.17.0
7f9f821a4000-7f9f823a4000 ---p 00012000 08:05 1577503                    /lib/x86_64-linux-gnu/libgpg-error.so.0.17.0
7f9f823a4000-7f9f823a5000 r--p 00012000 08:05 1577503                    /lib/x86_64-linux-gnu/libgpg-error.so.0.17.0
7f9f823a5000-7f9f823a6000 rw-p 00013000 08:05 1577503                    /lib/x86_64-linux-gnu/libgpg-error.so.0.17.0
7f9f823a6000-7f9f8247e000 r-xp 00000000 08:05 1580437                    /lib/x86_64-linux-gnu/libgcrypt.so.20.0.5
7f9f8247e000-7f9f8267d000 ---p 000d8000 08:05 1580437                    /lib/x86_64-linux-gnu/libgcrypt.so.20.0.5
7f9f8267d000-7f9f8267e000 r--p 000d7000 08:05 1580437                    /lib/x86_64-linux-gnu/libgcrypt.so.20.0.5
7f9f8267e000-7f9f82686000 rw-p 000d8000 08:05 1580437                    /lib/x86_64-linux-gnu/libgcrypt.so.20.0.5
7f9f82686000-7f9f82687000 rw-p 00000000 00:00 0 
7f9f82687000-7f9f826a8000 r-xp 00000000 08:05 1577526                    /lib/x86_64-linux-gnu/liblzma.so.5.0.0
7f9f826a8000-7f9f828a7000 ---p 00021000 08:05 1577526                    /lib/x86_64-linux-gnu/liblzma.so.5.0.0
7f9f828a7000-7f9f828a8000 r--p 00020000 08:05 1577526                    /lib/x86_64-linux-gnu/liblzma.so.5.0.0
7f9f828a8000-7f9f828a9000 rw-p 00021000 08:05 1577526                    /lib/x86_64-linux-gnu/liblzma.so.5.0.0
7f9f828a9000-7f9f828f3000 r-xp 00000000 08:05 1582927                    /lib/x86_64-linux-gnu/libdbus-1.so.3.14.6
7f9f828f3000-7f9f82af3000 ---p 0004a000 08:05 1582927                    /lib/x86_64-linux-gnu/libdbus-1.so.3.14.6
7f9f82af3000-7f9f82af4000 r--p 0004a000 08:05 1582927                    /lib/x86_64-linux-gnu/libdbus-1.so.3.14.6
7f9f82af4000-7f9f82af5000 rw-p 0004b000 08:05 1582927                    /lib/x86_64-linux-gnu/libdbus-1.so.3.14.6
7f9f82af5000-7f9f82b21000 r-xp 00000000 08:05 6168908                    /usr/lib/x86_64-linux-gnu/libatspi.so.0.0.1
7f9f82b21000-7f9f82d20000 ---p 0002c000 08:05 6168908                    /usr/lib/x86_64-linux-gnu/libatspi.so.0.0.1
7f9f82d20000-7f9f82d23000 r--p 0002b000 08:05 6168908                    /usr/lib/x86_64-linux-gnu/libatspi.so.0.0.1
7f9f82d23000-7f9f82d24000 rw-p 0002e000 08:05 6168908                    /usr/lib/x86_64-linux-gnu/libatspi.so.0.0.1
7f9f82d24000-7f9f82d51000 r-xp 00000000 08:05 6168902                    /usr/lib/x86_64-linux-gnu/libatk-bridge-2.0.so.0.0.0
7f9f82d51000-7f9f82f50000 ---p 0002d000 08:05 6168902                    /usr/lib/x86_64-linux-gnu/libatk-bridge-2.0.so.0.0.0
7f9f82f50000-7f9f82f51000 r--p 0002c000 08:05 6168902                    /usr/lib/x86_64-linux-gnu/libatk-bridge-2.0.so.0.0.0
7f9f82f51000-7f9f82f53000 rw-p 0002d000 08:05 6168902                    /usr/lib/x86_64-linux-gnu/libatk-bridge-2.0.so.0.0.0
7f9f82f53000-7f9f82f54000 r-xp 00000000 08:05 6425907                    /usr/lib/x86_64-linux-gnu/gtk-2.0/modules/libatk-bridge.so
7f9f82f54000-7f9f83153000 ---p 00001000 08:05 6425907                    /usr/lib/x86_64-linux-gnu/gtk-2.0/modules/libatk-bridge.so
7f9f83153000-7f9f83154000 r--p 00000000 08:05 6425907                    /usr/lib/x86_64-linux-gnu/gtk-2.0/modules/libatk-bridge.so
7f9f83154000-7f9f83155000 rw-p 00001000 08:05 6425907                    /usr/lib/x86_64-linux-gnu/gtk-2.0/modules/libatk-bridge.so
7f9f83155000-7f9f8315c000 r-xp 00000000 08:05 6160704                    /usr/lib/x86_64-linux-gnu/libgailutil.so.18.0.1
7f9f8315c000-7f9f8335b000 ---p 00007000 08:05 6160704                    /usr/lib/x86_64-linux-gnu/libgailutil.so.18.0.1
7f9f8335b000-7f9f8335c000 r--p 00006000 08:05 6160704                    /usr/lib/x86_64-linux-gnu/libgailutil.so.18.0.1
7f9f8335c000-7f9f8335d000 rw-p 00007000 08:05 6160704                    /usr/lib/x86_64-linux-gnu/libgailutil.so.18.0.1
7f9f8335d000-7f9f833ab000 r-xp 00000000 08:05 6425004                    /usr/lib/x86_64-linux-gnu/gtk-2.0/modules/libgail.so
7f9f833ab000-7f9f835aa000 ---p 0004e000 08:05 6425004                    /usr/lib/x86_64-linux-gnu/gtk-2.0/modules/libgail.so
7f9f835aa000-7f9f835ab000 r--p 0004d000 08:05 6425004                    /usr/lib/x86_64-linux-gnu/gtk-2.0/modules/libgail.so
7f9f835ab000-7f9f835ad000 rw-p 0004e000 08:05 6425004                    /usr/lib/x86_64-linux-gnu/gtk-2.0/modules/libgail.so
7f9f835ad000-7f9f835be000 r-xp 00000000 08:05 6423601                    /usr/lib/x86_64-linux-gnu/gtk-2.0/modules/liboverlay-scrollbar.so
7f9f835be000-7f9f837be000 ---p 00011000 08:05 6423601                    /usr/lib/x86_64-linux-gnu/gtk-2.0/modules/liboverlay-scrollbar.so
7f9f837be000-7f9f837bf000 r--p 00011000 08:05 6423601                    /usr/lib/x86_64-linux-gnu/gtk-2.0/modules/liboverlay-scrollbar.so
7f9f837bf000-7f9f837c0000 rw-p 00012000 08:05 6423601                    /usr/lib/x86_64-linux-gnu/gtk-2.0/modules/liboverlay-scrollbar.so
7f9f837c0000-7f9f837e9000 r-xp 00000000 08:05 6493183                    /usr/lib/jvm/java-8-oracle/jre/lib/amd64/libglass.so
7f9f837e9000-7f9f839e8000 ---p 00029000 08:05 6493183                    /usr/lib/jvm/java-8-oracle/jre/lib/amd64/libglass.so
7f9f839e8000-7f9f839eb000 rw-p 00028000 08:05 6493183                    /usr/lib/jvm/java-8-oracle/jre/lib/amd64/libglass.so
7f9f839eb000-7f9f83a22000 r-xp 00000000 08:05 6169981                    /usr/lib/x86_64-linux-gnu/libtxc_dxtn_s2tc.so.0.0.0
7f9f83a22000-7f9f83c21000 ---p 00037000 08:05 6169981                    /usr/lib/x86_64-linux-gnu/libtxc_dxtn_s2tc.so.0.0.0
7f9f83c21000-7f9f83c22000 r--p 00036000 08:05 6169981                    /usr/lib/x86_64-linux-gnu/libtxc_dxtn_s2tc.so.0.0.0
7f9f83c22000-7f9f83c23000 rw-p 00037000 08:05 6169981                    /usr/lib/x86_64-linux-gnu/libtxc_dxtn_s2tc.so.0.0.0
7f9f83c23000-7f9f83c2b000 r-xp 00000000 08:05 6169743                    /usr/lib/x86_64-linux-gnu/libpciaccess.so.0.11.1
7f9f83c2b000-7f9f83e2b000 ---p 00008000 08:05 6169743                    /usr/lib/x86_64-linux-gnu/libpciaccess.so.0.11.1
7f9f83e2b000-7f9f83e2c000 r--p 00008000 08:05 6169743                    /usr/lib/x86_64-linux-gnu/libpciaccess.so.0.11.1
7f9f83e2c000-7f9f83e2d000 rw-p 00009000 08:05 6169743                    /usr/lib/x86_64-linux-gnu/libpciaccess.so.0.11.1
7f9f83e2d000-7f9f83e38000 r-xp 00000000 08:05 6160801                    /usr/lib/x86_64-linux-gnu/libdrm_radeon.so.1.0.1
7f9f83e38000-7f9f84037000 ---p 0000b000 08:05 6160801                    /usr/lib/x86_64-linux-gnu/libdrm_radeon.so.1.0.1
7f9f84037000-7f9f84038000 r--p 0000a000 08:05 6160801                    /usr/lib/x86_64-linux-gnu/libdrm_radeon.so.1.0.1
7f9f84038000-7f9f84039000 rw-p 0000b000 08:05 6160801                    /usr/lib/x86_64-linux-gnu/libdrm_radeon.so.1.0.1
7f9f84039000-7f9f84040000 r-xp 00000000 08:05 6177024                    /usr/lib/x86_64-linux-gnu/libdrm_nouveau.so.2.0.0
7f9f84040000-7f9f8423f000 ---p 00007000 08:05 6177024                    /usr/lib/x86_64-linux-gnu/libdrm_nouveau.so.2.0.0
7f9f8423f000-7f9f84240000 r--p 00006000 08:05 6177024                    /usr/lib/x86_64-linux-gnu/libdrm_nouveau.so.2.0.0
7f9f84240000-7f9f84241000 rw-p 00007000 08:05 6177024                    /usr/lib/x86_64-linux-gnu/libdrm_nouveau.so.2.0.0
7f9f84241000-7f9f84263000 r-xp 00000000 08:05 6160799                    /usr/lib/x86_64-linux-gnu/libdrm_intel.so.1.0.0
7f9f84263000-7f9f84463000 ---p 00022000 08:05 6160799                    /usr/lib/x86_64-linux-gnu/libdrm_intel.so.1.0.0
7f9f84463000-7f9f84464000 r--p 00022000 08:05 6160799                    /usr/lib/x86_64-linux-gnu/libdrm_intel.so.1.0.0
7f9f84464000-7f9f84465000 rw-p 00023000 08:05 6160799                    /usr/lib/x86_64-linux-gnu/libdrm_intel.so.1.0.0
7f9f84465000-7f9f84c92000 r-xp 00000000 08:05 6426562                    /usr/lib/x86_64-linux-gnu/dri/i965_dri.so
7f9f84c92000-7f9f84e92000 ---p 0082d000 08:05 6426562                    /usr/lib/x86_64-linux-gnu/dri/i965_dri.so
7f9f84e92000-7f9f84ee2000 r--p 0082d000 08:05 6426562                    /usr/lib/x86_64-linux-gnu/dri/i965_dri.so
7f9f84ee2000-7f9f84eeb000 rw-p 0087d000 08:05 6426562                    /usr/lib/x86_64-linux-gnu/dri/i965_dri.so
7f9f84eeb000-7f9f84f52000 rw-p 00000000 00:00 0 
7f9f84f52000-7f9f84f58000 r-xp 00000000 08:05 6169050                    /usr/lib/x86_64-linux-gnu/libdatrie.so.1.3.3
7f9f84f58000-7f9f85158000 ---p 00006000 08:05 6169050                    /usr/lib/x86_64-linux-gnu/libdatrie.so.1.3.3
7f9f85158000-7f9f85159000 r--p 00006000 08:05 6169050                    /usr/lib/x86_64-linux-gnu/libdatrie.so.1.3.3
7f9f85159000-7f9f8515a000 rw-p 00007000 08:05 6169050                    /usr/lib/x86_64-linux-gnu/libdatrie.so.1.3.3
7f9f8515a000-7f9f8515f000 r-xp 00000000 08:05 6168807                    /usr/lib/x86_64-linux-gnu/libXdmcp.so.6.0.0
7f9f8515f000-7f9f8535e000 ---p 00005000 08:05 6168807                    /usr/lib/x86_64-linux-gnu/libXdmcp.so.6.0.0
7f9f8535e000-7f9f8535f000 r--p 00004000 08:05 6168807                    /usr/lib/x86_64-linux-gnu/libXdmcp.so.6.0.0
7f9f8535f000-7f9f85360000 rw-p 00005000 08:05 6168807                    /usr/lib/x86_64-linux-gnu/libXdmcp.so.6.0.0
7f9f85360000-7f9f85362000 r-xp 00000000 08:05 6168796                    /usr/lib/x86_64-linux-gnu/libXau.so.6.0.0
7f9f85362000-7f9f85562000 ---p 00002000 08:05 6168796                    /usr/lib/x86_64-linux-gnu/libXau.so.6.0.0
7f9f85562000-7f9f85563000 r--p 00002000 08:05 6168796                    /usr/lib/x86_64-linux-gnu/libXau.so.6.0.0
7f9f85563000-7f9f85564000 rw-p 00003000 08:05 6168796                    /usr/lib/x86_64-linux-gnu/libXau.so.6.0.0
7f9f85564000-7f9f85588000 r-xp 00000000 08:05 6170664                    /usr/lib/x86_64-linux-gnu/libgraphite2.so.3.0.1
7f9f85588000-7f9f85787000 ---p 00024000 08:05 6170664                    /usr/lib/x86_64-linux-gnu/libgraphite2.so.3.0.1
7f9f85787000-7f9f85789000 r--p 00023000 08:05 6170664                    /usr/lib/x86_64-linux-gnu/libgraphite2.so.3.0.1
7f9f85789000-7f9f8578a000 rw-p 00025000 08:05 6170664                    /usr/lib/x86_64-linux-gnu/libgraphite2.so.3.0.1
7f9f8578a000-7f9f8579a000 r-xp 00000000 08:05 6177044                    /usr/lib/x86_64-linux-gnu/libdrm.so.2.4.0
7f9f8579a000-7f9f85999000 ---p 00010000 08:05 6177044                    /usr/lib/x86_64-linux-gnu/libdrm.so.2.4.0
7f9f85999000-7f9f8599a000 r--p 0000f000 08:05 6177044                    /usr/lib/x86_64-linux-gnu/libdrm.so.2.4.0
7f9f8599a000-7f9f8599b000 rw-p 00010000 08:05 6177044                    /usr/lib/x86_64-linux-gnu/libdrm.so.2.4.0
7f9f8599b000-7f9f8599f000 r-xp 00000000 08:05 6170142                    /usr/lib/x86_64-linux-gnu/libxcb-dri2.so.0.0.0
7f9f8599f000-7f9f85b9e000 ---p 00004000 08:05 6170142                    /usr/lib/x86_64-linux-gnu/libxcb-dri2.so.0.0.0
7f9f85b9e000-7f9f85b9f000 r--p 00003000 08:05 6170142                    /usr/lib/x86_64-linux-gnu/libxcb-dri2.so.0.0.0
7f9f85b9f000-7f9f85ba0000 rw-p 00004000 08:05 6170142                    /usr/lib/x86_64-linux-gnu/libxcb-dri2.so.0.0.0
7f9f85ba0000-7f9f85bb7000 r-xp 00000000 08:05 6170146                    /usr/lib/x86_64-linux-gnu/libxcb-glx.so.0.0.0
7f9f85bb7000-7f9f85db6000 ---p 00017000 08:05 6170146                    /usr/lib/x86_64-linux-gnu/libxcb-glx.so.0.0.0
7f9f85db6000-7f9f85db8000 r--p 00016000 08:05 6170146                    /usr/lib/x86_64-linux-gnu/libxcb-glx.so.0.0.0
7f9f85db8000-7f9f85db9000 rw-p 00018000 08:05 6170146                    /usr/lib/x86_64-linux-gnu/libxcb-glx.so.0.0.0
7f9f85db9000-7f9f85dba000 r-xp 00000000 08:05 6168790                    /usr/lib/x86_64-linux-gnu/libX11-xcb.so.1.0.0
7f9f85dba000-7f9f85fb9000 ---p 00001000 08:05 6168790                    /usr/lib/x86_64-linux-gnu/libX11-xcb.so.1.0.0
7f9f85fb9000-7f9f85fba000 r--p 00000000 08:05 6168790                    /usr/lib/x86_64-linux-gnu/libX11-xcb.so.1.0.0
7f9f85fba000-7f9f85fbb000 rw-p 00001000 08:05 6168790                    /usr/lib/x86_64-linux-gnu/libX11-xcb.so.1.0.0
7f9f85fbb000-7f9f85fe6000 r-xp 00000000 08:05 6162470                    /usr/lib/x86_64-linux-gnu/libglapi.so.0.0.0
7f9f85fe6000-7f9f861e5000 ---p 0002b000 08:05 6162470                    /usr/lib/x86_64-linux-gnu/libglapi.so.0.0.0
7f9f861e5000-7f9f861e9000 r--p 0002a000 08:05 6162470                    /usr/lib/x86_64-linux-gnu/libglapi.so.0.0.0
7f9f861e9000-7f9f861ea000 rw-p 0002e000 08:05 6162470                    /usr/lib/x86_64-linux-gnu/libglapi.so.0.0.0
7f9f861ea000-7f9f861eb000 rw-p 00000000 00:00 0 
7f9f861eb000-7f9f861ec000 r-xp 00000000 08:05 6170186                    /usr/lib/x86_64-linux-gnu/libxshmfence.so.1.0.0
7f9f861ec000-7f9f863ec000 ---p 00001000 08:05 6170186                    /usr/lib/x86_64-linux-gnu/libxshmfence.so.1.0.0
7f9f863ec000-7f9f863ed000 r--p 00001000 08:05 6170186                    /usr/lib/x86_64-linux-gnu/libxshmfence.so.1.0.0
7f9f863ed000-7f9f863ee000 rw-p 00002000 08:05 6170186                    /usr/lib/x86_64-linux-gnu/libxshmfence.so.1.0.0
7f9f863ee000-7f9f863f3000 r-xp 00000000 08:05 6170166                    /usr/lib/x86_64-linux-gnu/libxcb-sync.so.1.0.0
7f9f863f3000-7f9f865f3000 ---p 00005000 08:05 6170166                    /usr/lib/x86_64-linux-gnu/libxcb-sync.so.1.0.0
7f9f865f3000-7f9f865f4000 r--p 00005000 08:05 6170166                    /usr/lib/x86_64-linux-gnu/libxcb-sync.so.1.0.0
7f9f865f4000-7f9f865f5000 rw-p 00006000 08:05 6170166                    /usr/lib/x86_64-linux-gnu/libxcb-sync.so.1.0.0
7f9f865f5000-7f9f865f7000 r-xp 00000000 08:05 6170154                    /usr/lib/x86_64-linux-gnu/libxcb-present.so.0.0.0
7f9f865f7000-7f9f867f6000 ---p 00002000 08:05 6170154                    /usr/lib/x86_64-linux-gnu/libxcb-present.so.0.0.0
7f9f867f6000-7f9f867f7000 r--p 00001000 08:05 6170154                    /usr/lib/x86_64-linux-gnu/libxcb-present.so.0.0.0
7f9f867f7000-7f9f867f8000 rw-p 00002000 08:05 6170154                    /usr/lib/x86_64-linux-gnu/libxcb-present.so.0.0.0
7f9f867f8000-7f9f867fa000 r-xp 00000000 08:05 6170144                    /usr/lib/x86_64-linux-gnu/libxcb-dri3.so.0.0.0
7f9f867fa000-7f9f869f9000 ---p 00002000 08:05 6170144                    /usr/lib/x86_64-linux-gnu/libxcb-dri3.so.0.0.0
7f9f869f9000-7f9f869fa000 r--p 00001000 08:05 6170144                    /usr/lib/x86_64-linux-gnu/libxcb-dri3.so.0.0.0
7f9f869fa000-7f9f869fb000 rw-p 00002000 08:05 6170144                    /usr/lib/x86_64-linux-gnu/libxcb-dri3.so.0.0.0
7f9f869fb000-7f9f86a69000 r-xp 00000000 08:05 1577588                    /lib/x86_64-linux-gnu/libpcre.so.3.13.2
7f9f86a69000-7f9f86c69000 ---p 0006e000 08:05 1577588                    /lib/x86_64-linux-gnu/libpcre.so.3.13.2
7f9f86c69000-7f9f86c6a000 r--p 0006e000 08:05 1577588                    /lib/x86_64-linux-gnu/libpcre.so.3.13.2
7f9f86c6a000-7f9f86c6b000 rw-p 0006f000 08:05 1577588                    /lib/x86_64-linux-gnu/libpcre.so.3.13.2
7f9f86c6b000-7f9f86c72000 r-xp 00000000 08:05 6169179                    /usr/lib/x86_64-linux-gnu/libffi.so.6.0.4
7f9f86c72000-7f9f86e71000 ---p 00007000 08:05 6169179                    /usr/lib/x86_64-linux-gnu/libffi.so.6.0.4
7f9f86e71000-7f9f86e72000 r--p 00006000 08:05 6169179                    /usr/lib/x86_64-linux-gnu/libffi.so.6.0.4
7f9f86e72000-7f9f86e73000 rw-p 00007000 08:05 6169179                    /usr/lib/x86_64-linux-gnu/libffi.so.6.0.4
7f9f86e73000-7f9f86e99000 r-xp 00000000 08:05 1580443                    /lib/x86_64-linux-gnu/libexpat.so.1.6.0
7f9f86e99000-7f9f87099000 ---p 00026000 08:05 1580443                    /lib/x86_64-linux-gnu/libexpat.so.1.6.0
7f9f87099000-7f9f8709b000 r--p 00026000 08:05 1580443                    /lib/x86_64-linux-gnu/libexpat.so.1.6.0
7f9f8709b000-7f9f8709c000 rw-p 00028000 08:05 1580443                    /lib/x86_64-linux-gnu/libexpat.so.1.6.0
7f9f8709c000-7f9f870a4000 r-xp 00000000 08:05 6169952                    /usr/lib/x86_64-linux-gnu/libthai.so.0.2.4
7f9f870a4000-7f9f872a3000 ---p 00008000 08:05 6169952                    /usr/lib/x86_64-linux-gnu/libthai.so.0.2.4
7f9f872a3000-7f9f872a4000 r--p 00007000 08:05 6169952                    /usr/lib/x86_64-linux-gnu/libthai.so.0.2.4
7f9f872a4000-7f9f872a5000 rw-p 00008000 08:05 6169952                    /usr/lib/x86_64-linux-gnu/libthai.so.0.2.4
7f9f872a5000-7f9f872c6000 r-xp 00000000 08:05 6170174                    /usr/lib/x86_64-linux-gnu/libxcb.so.1.1.0
7f9f872c6000-7f9f874c5000 ---p 00021000 08:05 6170174                    /usr/lib/x86_64-linux-gnu/libxcb.so.1.1.0
7f9f874c5000-7f9f874c6000 r--p 00020000 08:05 6170174                    /usr/lib/x86_64-linux-gnu/libxcb.so.1.1.0
7f9f874c6000-7f9f874c7000 rw-p 00021000 08:05 6170174                    /usr/lib/x86_64-linux-gnu/libxcb.so.1.1.0
7f9f874c7000-7f9f874cf000 r-xp 00000000 08:05 6170160                    /usr/lib/x86_64-linux-gnu/libxcb-render.so.0.0.0
7f9f874cf000-7f9f876cf000 ---p 00008000 08:05 6170160                    /usr/lib/x86_64-linux-gnu/libxcb-render.so.0.0.0
7f9f876cf000-7f9f876d0000 r--p 00008000 08:05 6170160                    /usr/lib/x86_64-linux-gnu/libxcb-render.so.0.0.0
7f9f876d0000-7f9f876d1000 rw-p 00009000 08:05 6170160                    /usr/lib/x86_64-linux-gnu/libxcb-render.so.0.0.0
7f9f876d1000-7f9f876d3000 r-xp 00000000 08:05 6170164                    /usr/lib/x86_64-linux-gnu/libxcb-shm.so.0.0.0
7f9f876d3000-7f9f878d3000 ---p 00002000 08:05 6170164                    /usr/lib/x86_64-linux-gnu/libxcb-shm.so.0.0.0
7f9f878d3000-7f9f878d4000 r--p 00002000 08:05 6170164                    /usr/lib/x86_64-linux-gnu/libxcb-shm.so.0.0.0
7f9f878d4000-7f9f878d5000 rw-p 00003000 08:05 6170164                    /usr/lib/x86_64-linux-gnu/libxcb-shm.so.0.0.0
7f9f878d5000-7f9f878f9000 r-xp 00000000 08:05 1577600                    /lib/x86_64-linux-gnu/libpng12.so.0.54.0
7f9f878f9000-7f9f87af8000 ---p 00024000 08:05 1577600                    /lib/x86_64-linux-gnu/libpng12.so.0.54.0
7f9f87af8000-7f9f87af9000 r--p 00023000 08:05 1577600                    /lib/x86_64-linux-gnu/libpng12.so.0.54.0
7f9f87af9000-7f9f87afa000 rw-p 00024000 08:05 1577600                    /lib/x86_64-linux-gnu/libpng12.so.0.54.0
7f9f87afa000-7f9f87b99000 r-xp 00000000 08:05 6169757                    /usr/lib/x86_64-linux-gnu/libpixman-1.so.0.33.6
7f9f87b99000-7f9f87d99000 ---p 0009f000 08:05 6169757                    /usr/lib/x86_64-linux-gnu/libpixman-1.so.0.33.6
7f9f87d99000-7f9f87da1000 r--p 0009f000 08:05 6169757                    /usr/lib/x86_64-linux-gnu/libpixman-1.so.0.33.6
7f9f87da1000-7f9f87da2000 rw-p 000a7000 08:05 6169757                    /usr/lib/x86_64-linux-gnu/libpixman-1.so.0.33.6
7f9f87da2000-7f9f87dfe000 r-xp 00000000 08:05 6162984                    /usr/lib/x86_64-linux-gnu/libharfbuzz.so.0.10000.1
7f9f87dfe000-7f9f87ffe000 ---p 0005c000 08:05 6162984                    /usr/lib/x86_64-linux-gnu/libharfbuzz.so.0.10000.1
7f9f87ffe000-7f9f87fff000 r--p 0005c000 08:05 6162984                    /usr/lib/x86_64-linux-gnu/libharfbuzz.so.0.10000.1
7f9f87fff000-7f9f88000000 rw-p 0005d000 08:05 6162984                    /usr/lib/x86_64-linux-gnu/libharfbuzz.so.0.10000.1
7f9f88000000-7f9f8985d000 rw-p 00000000 00:00 0 
7f9f8985d000-7f9f8c000000 ---p 00000000 00:00 0 
7f9f8c022000-7f9f8c039000 r-xp 00000000 08:05 1573307                    /lib/x86_64-linux-gnu/libresolv-2.23.so
7f9f8c039000-7f9f8c239000 ---p 00017000 08:05 1573307                    /lib/x86_64-linux-gnu/libresolv-2.23.so
7f9f8c239000-7f9f8c23a000 r--p 00017000 08:05 1573307                    /lib/x86_64-linux-gnu/libresolv-2.23.so
7f9f8c23a000-7f9f8c23b000 rw-p 00018000 08:05 1573307                    /lib/x86_64-linux-gnu/libresolv-2.23.so
7f9f8c23b000-7f9f8c23d000 rw-p 00000000 00:00 0 
7f9f8c23d000-7f9f8c25c000 r-xp 00000000 08:05 1577617                    /lib/x86_64-linux-gnu/libselinux.so.1
7f9f8c25c000-7f9f8c45b000 ---p 0001f000 08:05 1577617                    /lib/x86_64-linux-gnu/libselinux.so.1
7f9f8c45b000-7f9f8c45c000 r--p 0001e000 08:05 1577617                    /lib/x86_64-linux-gnu/libselinux.so.1
7f9f8c45c000-7f9f8c45d000 rw-p 0001f000 08:05 1577617                    /lib/x86_64-linux-gnu/libselinux.so.1
7f9f8c45d000-7f9f8c45f000 rw-p 00000000 00:00 0 
7f9f8c45f000-7f9f8c478000 r-xp 00000000 08:05 1583789                    /lib/x86_64-linux-gnu/libz.so.1.2.8
7f9f8c478000-7f9f8c677000 ---p 00019000 08:05 1583789                    /lib/x86_64-linux-gnu/libz.so.1.2.8
7f9f8c677000-7f9f8c678000 r--p 00018000 08:05 1583789                    /lib/x86_64-linux-gnu/libz.so.1.2.8
7f9f8c678000-7f9f8c679000 rw-p 00019000 08:05 1583789                    /lib/x86_64-linux-gnu/libz.so.1.2.8
7f9f8c679000-7f9f8c68a000 r-xp 00000000 08:05 6168809                    /usr/lib/x86_64-linux-gnu/libXext.so.6.4.0
7f9f8c68a000-7f9f8c889000 ---p 00011000 08:05 6168809                    /usr/lib/x86_64-linux-gnu/libXext.so.6.4.0
7f9f8c889000-7f9f8c88a000 r--p 00010000 08:05 6168809                    /usr/lib/x86_64-linux-gnu/libXext.so.6.4.0
7f9f8c88a000-7f9f8c88b000 rw-p 00011000 08:05 6168809                    /usr/lib/x86_64-linux-gnu/libXext.so.6.4.0
7f9f8c88b000-7f9f8c88d000 r-xp 00000000 08:05 6168805                    /usr/lib/x86_64-linux-gnu/libXdamage.so.1.1.0
7f9f8c88d000-7f9f8ca8c000 ---p 00002000 08:05 6168805                    /usr/lib/x86_64-linux-gnu/libXdamage.so.1.1.0
7f9f8ca8c000-7f9f8ca8d000 r--p 00001000 08:05 6168805                    /usr/lib/x86_64-linux-gnu/libXdamage.so.1.1.0
7f9f8ca8d000-7f9f8ca8e000 rw-p 00002000 08:05 6168805                    /usr/lib/x86_64-linux-gnu/libXdamage.so.1.1.0
7f9f8ca8e000-7f9f8ca90000 r-xp 00000000 08:05 6168801                    /usr/lib/x86_64-linux-gnu/libXcomposite.so.1.0.0
7f9f8ca90000-7f9f8cc8f000 ---p 00002000 08:05 6168801                    /usr/lib/x86_64-linux-gnu/libXcomposite.so.1.0.0
7f9f8cc8f000-7f9f8cc90000 r--p 00001000 08:05 6168801                    /usr/lib/x86_64-linux-gnu/libXcomposite.so.1.0.0
7f9f8cc90000-7f9f8cc91000 rw-p 00002000 08:05 6168801                    /usr/lib/x86_64-linux-gnu/libXcomposite.so.1.0.0
7f9f8cc91000-7f9f8cc9a000 r-xp 00000000 08:05 6183136                    /usr/lib/x86_64-linux-gnu/libXcursor.so.1.0.2
7f9f8cc9a000-7f9f8ce99000 ---p 00009000 08:05 6183136                    /usr/lib/x86_64-linux-gnu/libXcursor.so.1.0.2
7f9f8ce99000-7f9f8ce9a000 r--p 00008000 08:05 6183136                    /usr/lib/x86_64-linux-gnu/libXcursor.so.1.0.2
7f9f8ce9a000-7f9f8ce9b000 rw-p 00009000 08:05 6183136                    /usr/lib/x86_64-linux-gnu/libXcursor.so.1.0.2
7f9f8ce9b000-7f9f8cea5000 r-xp 00000000 08:05 6168827                    /usr/lib/x86_64-linux-gnu/libXrandr.so.2.2.0
7f9f8cea5000-7f9f8d0a4000 ---p 0000a000 08:05 6168827                    /usr/lib/x86_64-linux-gnu/libXrandr.so.2.2.0
7f9f8d0a4000-7f9f8d0a5000 r--p 00009000 08:05 6168827                    /usr/lib/x86_64-linux-gnu/libXrandr.so.2.2.0
7f9f8d0a5000-7f9f8d0a6000 rw-p 0000a000 08:05 6168827                    /usr/lib/x86_64-linux-gnu/libXrandr.so.2.2.0
7f9f8d0a6000-7f9f8d0b5000 r-xp 00000000 08:05 6168817                    /usr/lib/x86_64-linux-gnu/libXi.so.6.1.0
7f9f8d0b5000-7f9f8d2b4000 ---p 0000f000 08:05 6168817                    /usr/lib/x86_64-linux-gnu/libXi.so.6.1.0
7f9f8d2b4000-7f9f8d2b5000 r--p 0000e000 08:05 6168817                    /usr/lib/x86_64-linux-gnu/libXi.so.6.1.0
7f9f8d2b5000-7f9f8d2b6000 rw-p 0000f000 08:05 6168817                    /usr/lib/x86_64-linux-gnu/libXi.so.6.1.0
7f9f8d2b6000-7f9f8d2b8000 r-xp 00000000 08:05 6168819                    /usr/lib/x86_64-linux-gnu/libXinerama.so.1.0.0
7f9f8d2b8000-7f9f8d4b7000 ---p 00002000 08:05 6168819                    /usr/lib/x86_64-linux-gnu/libXinerama.so.1.0.0
7f9f8d4b7000-7f9f8d4b8000 r--p 00001000 08:05 6168819                    /usr/lib/x86_64-linux-gnu/libXinerama.so.1.0.0
7f9f8d4b8000-7f9f8d4b9000 rw-p 00002000 08:05 6168819                    /usr/lib/x86_64-linux-gnu/libXinerama.so.1.0.0
7f9f8d4b9000-7f9f8d4c2000 r-xp 00000000 08:05 6168829                    /usr/lib/x86_64-linux-gnu/libXrender.so.1.3.0
7f9f8d4c2000-7f9f8d6c1000 ---p 00009000 08:05 6168829                    /usr/lib/x86_64-linux-gnu/libXrender.so.1.3.0
7f9f8d6c1000-7f9f8d6c2000 r--p 00008000 08:05 6168829                    /usr/lib/x86_64-linux-gnu/libXrender.so.1.3.0
7f9f8d6c2000-7f9f8d6c3000 rw-p 00009000 08:05 6168829                    /usr/lib/x86_64-linux-gnu/libXrender.so.1.3.0
7f9f8d6c3000-7f9f8d6c8000 r-xp 00000000 08:05 6168811                    /usr/lib/x86_64-linux-gnu/libXfixes.so.3.1.0
7f9f8d6c8000-7f9f8d8c7000 ---p 00005000 08:05 6168811                    /usr/lib/x86_64-linux-gnu/libXfixes.so.3.1.0
7f9f8d8c7000-7f9f8d8c8000 r--p 00004000 08:05 6168811                    /usr/lib/x86_64-linux-gnu/libXfixes.so.3.1.0
7f9f8d8c8000-7f9f8d8c9000 rw-p 00005000 08:05 6168811                    /usr/lib/x86_64-linux-gnu/libXfixes.so.3.1.0
7f9f8d8c9000-7f9f8d8df000 r-xp 00000000 08:05 1577497                    /lib/x86_64-linux-gnu/libgcc_s.so.1
7f9f8d8df000-7f9f8dade000 ---p 00016000 08:05 1577497                    /lib/x86_64-linux-gnu/libgcc_s.so.1
7f9f8dade000-7f9f8dadf000 rw-p 00015000 08:05 1577497                    /lib/x86_64-linux-gnu/libgcc_s.so.1
7f9f8dadf000-7f9f8dc51000 r-xp 00000000 08:05 6161758                    /usr/lib/x86_64-linux-gnu/libstdc++.so.6.0.21
7f9f8dc51000-7f9f8de51000 ---p 00172000 08:05 6161758                    /usr/lib/x86_64-linux-gnu/libstdc++.so.6.0.21
7f9f8de51000-7f9f8de5b000 r--p 00172000 08:05 6161758                    /usr/lib/x86_64-linux-gnu/libstdc++.so.6.0.21
7f9f8de5b000-7f9f8de5d000 rw-p 0017c000 08:05 6161758                    /usr/lib/x86_64-linux-gnu/libstdc++.so.6.0.21
7f9f8de5d000-7f9f8de61000 rw-p 00000000 00:00 0 
7f9f8de61000-7f9f8decf000 r-xp 00000000 08:05 6424296                    /usr/lib/x86_64-linux-gnu/mesa/libGL.so.1.2.0
7f9f8decf000-7f9f8e0cf000 ---p 0006e000 08:05 6424296                    /usr/lib/x86_64-linux-gnu/mesa/libGL.so.1.2.0
7f9f8e0cf000-7f9f8e0d2000 r--p 0006e000 08:05 6424296                    /usr/lib/x86_64-linux-gnu/mesa/libGL.so.1.2.0
7f9f8e0d2000-7f9f8e0d3000 rw-p 00071000 08:05 6424296                    /usr/lib/x86_64-linux-gnu/mesa/libGL.so.1.2.0
7f9f8e0d3000-7f9f8e0d4000 rw-p 00000000 00:00 0 
7f9f8e0d4000-7f9f8e0d9000 r-xp 00000000 08:05 6168845                    /usr/lib/x86_64-linux-gnu/libXxf86vm.so.1.0.0
7f9f8e0d9000-7f9f8e2d8000 ---p 00005000 08:05 6168845                    /usr/lib/x86_64-linux-gnu/libXxf86vm.so.1.0.0
7f9f8e2d8000-7f9f8e2d9000 r--p 00004000 08:05 6168845                    /usr/lib/x86_64-linux-gnu/libXxf86vm.so.1.0.0
7f9f8e2d9000-7f9f8e2da000 rw-p 00005000 08:05 6168845                    /usr/lib/x86_64-linux-gnu/libXxf86vm.so.1.0.0
7f9f8e2da000-7f9f8e40f000 r-xp 00000000 08:05 6168792                    /usr/lib/x86_64-linux-gnu/libX11.so.6.3.0
7f9f8e40f000-7f9f8e60f000 ---p 00135000 08:05 6168792                    /usr/lib/x86_64-linux-gnu/libX11.so.6.3.0
7f9f8e60f000-7f9f8e610000 r--p 00135000 08:05 6168792                    /usr/lib/x86_64-linux-gnu/libX11.so.6.3.0
7f9f8e610000-7f9f8e614000 rw-p 00136000 08:05 6168792                    /usr/lib/x86_64-linux-gnu/libX11.so.6.3.0
7f9f8e614000-7f9f8e619000 r-xp 00000000 08:05 6168835                    /usr/lib/x86_64-linux-gnu/libXtst.so.6.1.0
7f9f8e619000-7f9f8e818000 ---p 00005000 08:05 6168835                    /usr/lib/x86_64-linux-gnu/libXtst.so.6.1.0
7f9f8e818000-7f9f8e819000 r--p 00004000 08:05 6168835                    /usr/lib/x86_64-linux-gnu/libXtst.so.6.1.0
7f9f8e819000-7f9f8e81a000 rw-p 00005000 08:05 6168835                    /usr/lib/x86_64-linux-gnu/libXtst.so.6.1.0
7f9f8e81a000-7f9f8e929000 r-xp 00000000 08:05 1582962                    /lib/x86_64-linux-gnu/libglib-2.0.so.0.4800.2
7f9f8e929000-7f9f8eb28000 ---p 0010f000 08:05 1582962                    /lib/x86_64-linux-gnu/libglib-2.0.so.0.4800.2
7f9f8eb28000-7f9f8eb29000 r--p 0010e000 08:05 1582962                    /lib/x86_64-linux-gnu/libglib-2.0.so.0.4800.2
7f9f8eb29000-7f9f8eb2a000 rw-p 0010f000 08:05 1582962                    /lib/x86_64-linux-gnu/libglib-2.0.so.0.4800.2
7f9f8eb2a000-7f9f8eb2b000 rw-p 00000000 00:00 0 
7f9f8eb2b000-7f9f8eb2c000 r-xp 00000000 08:05 6164100                    /usr/lib/x86_64-linux-gnu/libgthread-2.0.so.0.4800.2
7f9f8eb2c000-7f9f8ed2b000 ---p 00001000 08:05 6164100                    /usr/lib/x86_64-linux-gnu/libgthread-2.0.so.0.4800.2
7f9f8ed2b000-7f9f8ed2c000 r--p 00000000 08:05 6164100                    /usr/lib/x86_64-linux-gnu/libgthread-2.0.so.0.4800.2
7f9f8ed2c000-7f9f8ed2d000 rw-p 00001000 08:05 6164100                    /usr/lib/x86_64-linux-gnu/libgthread-2.0.so.0.4800.2
7f9f8ed2d000-7f9f8ed30000 r-xp 00000000 08:05 6160874                    /usr/lib/x86_64-linux-gnu/libgmodule-2.0.so.0.4800.2
7f9f8ed30000-7f9f8ef2f000 ---p 00003000 08:05 6160874                    /usr/lib/x86_64-linux-gnu/libgmodule-2.0.so.0.4800.2
7f9f8ef2f000-7f9f8ef30000 r--p 00002000 08:05 6160874                    /usr/lib/x86_64-linux-gnu/libgmodule-2.0.so.0.4800.2
7f9f8ef30000-7f9f8ef31000 rw-p 00003000 08:05 6160874                    /usr/lib/x86_64-linux-gnu/libgmodule-2.0.so.0.4800.2
7f9f8ef31000-7f9f8ef83000 r-xp 00000000 08:05 6164105                    /usr/lib/x86_64-linux-gnu/libgobject-2.0.so.0.4800.2
7f9f8ef83000-7f9f8f182000 ---p 00052000 08:05 6164105                    /usr/lib/x86_64-linux-gnu/libgobject-2.0.so.0.4800.2
7f9f8f182000-7f9f8f183000 r--p 00051000 08:05 6164105                    /usr/lib/x86_64-linux-gnu/libgobject-2.0.so.0.4800.2
7f9f8f183000-7f9f8f184000 rw-p 00052000 08:05 6164105                    /usr/lib/x86_64-linux-gnu/libgobject-2.0.so.0.4800.2
7f9f8f184000-7f9f8f1c1000 r-xp 00000000 08:05 6160536                    /usr/lib/x86_64-linux-gnu/libfontconfig.so.1.9.0
7f9f8f1c1000-7f9f8f3c0000 ---p 0003d000 08:05 6160536                    /usr/lib/x86_64-linux-gnu/libfontconfig.so.1.9.0
7f9f8f3c0000-7f9f8f3c2000 r--p 0003c000 08:05 6160536                    /usr/lib/x86_64-linux-gnu/libfontconfig.so.1.9.0
7f9f8f3c2000-7f9f8f3c7000 rw-p 0003e000 08:05 6160536                    /usr/lib/x86_64-linux-gnu/libfontconfig.so.1.9.0
7f9f8f3c7000-7f9f8f46b000 r-xp 00000000 08:05 6160637                    /usr/lib/x86_64-linux-gnu/libfreetype.so.6.12.1
7f9f8f46b000-7f9f8f66a000 ---p 000a4000 08:05 6160637                    /usr/lib/x86_64-linux-gnu/libfreetype.so.6.12.1
7f9f8f66a000-7f9f8f670000 r--p 000a3000 08:05 6160637                    /usr/lib/x86_64-linux-gnu/libfreetype.so.6.12.1
7f9f8f670000-7f9f8f671000 rw-p 000a9000 08:05 6160637                    /usr/lib/x86_64-linux-gnu/libfreetype.so.6.12.1
7f9f8f671000-7f9f8f6ba000 r-xp 00000000 08:05 6169729                    /usr/lib/x86_64-linux-gnu/libpango-1.0.so.0.3800.1
7f9f8f6ba000-7f9f8f8ba000 ---p 00049000 08:05 6169729                    /usr/lib/x86_64-linux-gnu/libpango-1.0.so.0.3800.1
7f9f8f8ba000-7f9f8f8bc000 r--p 00049000 08:05 6169729                    /usr/lib/x86_64-linux-gnu/libpango-1.0.so.0.3800.1
7f9f8f8bc000-7f9f8f8bd000 rw-p 0004b000 08:05 6169729                    /usr/lib/x86_64-linux-gnu/libpango-1.0.so.0.3800.1
7f9f8f8bd000-7f9f8f9cb000 r-xp 00000000 08:05 6168957                    /usr/lib/x86_64-linux-gnu/libcairo.so.2.11400.6
7f9f8f9cb000-7f9f8fbcb000 ---p 0010e000 08:05 6168957                    /usr/lib/x86_64-linux-gnu/libcairo.so.2.11400.6
7f9f8fbcb000-7f9f8fbce000 r--p 0010e000 08:05 6168957                    /usr/lib/x86_64-linux-gnu/libcairo.so.2.11400.6
7f9f8fbce000-7f9f8fbcf000 rw-p 00111000 08:05 6168957                    /usr/lib/x86_64-linux-gnu/libcairo.so.2.11400.6
7f9f8fbcf000-7f9f8fbd1000 rw-p 00000000 00:00 0 
7f9f8fbd1000-7f9f8fbdd000 r-xp 00000000 08:05 6169731                    /usr/lib/x86_64-linux-gnu/libpangocairo-1.0.so.0.3800.1
7f9f8fbdd000-7f9f8fddc000 ---p 0000c000 08:05 6169731                    /usr/lib/x86_64-linux-gnu/libpangocairo-1.0.so.0.3800.1
7f9f8fddc000-7f9f8fddd000 r--p 0000b000 08:05 6169731                    /usr/lib/x86_64-linux-gnu/libpangocairo-1.0.so.0.3800.1
7f9f8fddd000-7f9f8fdde000 rw-p 0000c000 08:05 6169731                    /usr/lib/x86_64-linux-gnu/libpangocairo-1.0.so.0.3800.1
7f9f8fdde000-7f9f8fdff000 r-xp 00000000 08:05 6164731                    /usr/lib/x86_64-linux-gnu/libgdk_pixbuf-2.0.so.0.3200.2
7f9f8fdff000-7f9f8fffe000 ---p 00021000 08:05 6164731                    /usr/lib/x86_64-linux-gnu/libgdk_pixbuf-2.0.so.0.3200.2
7f9f8fffe000-7f9f8ffff000 r--p 00020000 08:05 6164731                    /usr/lib/x86_64-linux-gnu/libgdk_pixbuf-2.0.so.0.3200.2
7f9f8ffff000-7f9f90000000 rw-p 00021000 08:05 6164731                    /usr/lib/x86_64-linux-gnu/libgdk_pixbuf-2.0.so.0.3200.2
7f9f90000000-7f9f90021000 rw-p 00000000 00:00 0 
7f9f90021000-7f9f94000000 ---p 00000000 00:00 0 
7f9f94000000-7f9f94021000 rw-p 00000000 00:00 0 
7f9f94021000-7f9f98000000 ---p 00000000 00:00 0 
7f9f98000000-7f9f9841f000 rw-p 00000000 00:00 0 
7f9f9841f000-7f9f9c000000 ---p 00000000 00:00 0 
7f9f9c000000-7f9f9c205000 rw-p 00000000 00:00 0 
7f9f9c205000-7f9fa0000000 ---p 00000000 00:00 0 
7f9fa0000000-7f9fa05e7000 rw-p 00000000 00:00 0 
7f9fa05e7000-7f9fa4000000 ---p 00000000 00:00 0 
7f9fa40f0000-7f9fa40f3000 ---p 00000000 00:00 0 
7f9fa40f3000-7f9fa41f1000 rw-p 00000000 00:00 0 
7f9fa41f1000-7f9fa4205000 r-xp 00000000 08:05 6169733                    /usr/lib/x86_64-linux-gnu/libpangoft2-1.0.so.0.3800.1
7f9fa4205000-7f9fa4405000 ---p 00014000 08:05 6169733                    /usr/lib/x86_64-linux-gnu/libpangoft2-1.0.so.0.3800.1
7f9fa4405000-7f9fa4406000 r--p 00014000 08:05 6169733                    /usr/lib/x86_64-linux-gnu/libpangoft2-1.0.so.0.3800.1
7f9fa4406000-7f9fa4407000 rw-p 00015000 08:05 6169733                    /usr/lib/x86_64-linux-gnu/libpangoft2-1.0.so.0.3800.1
7f9fa4407000-7f9fa4587000 r-xp 00000000 08:05 6164189                    /usr/lib/x86_64-linux-gnu/libgio-2.0.so.0.4800.2
7f9fa4587000-7f9fa4787000 ---p 00180000 08:05 6164189                    /usr/lib/x86_64-linux-gnu/libgio-2.0.so.0.4800.2
7f9fa4787000-7f9fa478b000 r--p 00180000 08:05 6164189                    /usr/lib/x86_64-linux-gnu/libgio-2.0.so.0.4800.2
7f9fa478b000-7f9fa478d000 rw-p 00184000 08:05 6164189                    /usr/lib/x86_64-linux-gnu/libgio-2.0.so.0.4800.2
7f9fa478d000-7f9fa478f000 rw-p 00000000 00:00 0 
7f9fa478f000-7f9fa47b1000 r-xp 00000000 08:05 6168900                    /usr/lib/x86_64-linux-gnu/libatk-1.0.so.0.21809.1
7f9fa47b1000-7f9fa49b0000 ---p 00022000 08:05 6168900                    /usr/lib/x86_64-linux-gnu/libatk-1.0.so.0.21809.1
7f9fa49b0000-7f9fa49b3000 r--p 00021000 08:05 6168900                    /usr/lib/x86_64-linux-gnu/libatk-1.0.so.0.21809.1
7f9fa49b3000-7f9fa49b4000 rw-p 00024000 08:05 6168900                    /usr/lib/x86_64-linux-gnu/libatk-1.0.so.0.21809.1
7f9fa49b4000-7f9fa4df2000 r-xp 00000000 08:05 6160743                    /usr/lib/x86_64-linux-gnu/libgtk-x11-2.0.so.0.2400.30
7f9fa4df2000-7f9fa4ff1000 ---p 0043e000 08:05 6160743                    /usr/lib/x86_64-linux-gnu/libgtk-x11-2.0.so.0.2400.30
7f9fa4ff1000-7f9fa4ff8000 r--p 0043d000 08:05 6160743                    /usr/lib/x86_64-linux-gnu/libgtk-x11-2.0.so.0.2400.30
7f9fa4ff8000-7f9fa4ffc000 rw-p 00444000 08:05 6160743                    /usr/lib/x86_64-linux-gnu/libgtk-x11-2.0.so.0.2400.30
7f9fa4ffc000-7f9fa8000000 rw-p 00000000 00:00 0 
7f9fa8000000-7f9fa8021000 rw-p 00000000 00:00 0 
7f9fa8021000-7f9fac000000 ---p 00000000 00:00 0 
7f9fac000000-7f9fac021000 rw-p 00000000 00:00 0 
7f9fac021000-7f9fb0000000 ---p 00000000 00:00 0 
7f9fb0000000-7f9fb0021000 rw-p 00000000 00:00 0 
7f9fb0021000-7f9fb4000000 ---p 00000000 00:00 0 
7f9fb4000000-7f9fb4021000 rw-p 00000000 00:00 0 
7f9fb4021000-7f9fb8000000 ---p 00000000 00:00 0 
7f9fb8000000-7f9fb828f000 rw-p 00000000 00:00 0 
7f9fb828f000-7f9fbc000000 ---p 00000000 00:00 0 
7f9fbc0df000-7f9fbc12e000 r--p 00000000 08:05 525982                     /usr/share/glib-2.0/schemas/gschemas.compiled
7f9fbc12e000-7f9fbc1ae000 r-xp 00000000 08:05 1579821                    /lib/x86_64-linux-gnu/libsystemd.so.0.14.0
7f9fbc1ae000-7f9fbc1b1000 r--p 0007f000 08:05 1579821                    /lib/x86_64-linux-gnu/libsystemd.so.0.14.0
7f9fbc1b1000-7f9fbc1b2000 rw-p 00082000 08:05 1579821                    /lib/x86_64-linux-gnu/libsystemd.so.0.14.0
7f9fbc1b2000-7f9fbc1b3000 rw-p 00000000 00:00 0 
7f9fbc1b3000-7f9fbc263000 r-xp 00000000 08:05 6160742                    /usr/lib/x86_64-linux-gnu/libgdk-x11-2.0.so.0.2400.30
7f9fbc263000-7f9fbc462000 ---p 000b0000 08:05 6160742                    /usr/lib/x86_64-linux-gnu/libgdk-x11-2.0.so.0.2400.30
7f9fbc462000-7f9fbc466000 r--p 000af000 08:05 6160742                    /usr/lib/x86_64-linux-gnu/libgdk-x11-2.0.so.0.2400.30
7f9fbc466000-7f9fbc468000 rw-p 000b3000 08:05 6160742                    /usr/lib/x86_64-linux-gnu/libgdk-x11-2.0.so.0.2400.30
7f9fbc468000-7f9fbc474000 r-xp 00000000 08:05 6493211                    /usr/lib/jvm/java-8-oracle/jre/lib/amd64/libprism_es2.so
7f9fbc474000-7f9fbc673000 ---p 0000c000 08:05 6493211                    /usr/lib/jvm/java-8-oracle/jre/lib/amd64/libprism_es2.so
7f9fbc673000-7f9fbc674000 rw-p 0000b000 08:05 6493211                    /usr/lib/jvm/java-8-oracle/jre/lib/amd64/libprism_es2.so
7f9fbc674000-7f9fbc677000 ---p 00000000 00:00 0 
7f9fbc677000-7f9fbc775000 rw-p 00000000 00:00 0 
7f9fbc775000-7f9fbc80b000 r--s 01110000 08:05 6493097                    /usr/lib/jvm/java-8-oracle/jre/lib/ext/jfxrt.jar
7f9fbc80b000-7f9fbc80c000 ---p 00000000 00:00 0 
7f9fbc80c000-7f9fbc90c000 rw-p 00000000 00:00 0 
7f9fbc90c000-7f9fbc90f000 ---p 00000000 00:00 0 
7f9fbc90f000-7f9fbca0d000 rw-p 00000000 00:00 0 
7f9fbca0d000-7f9fbca10000 ---p 00000000 00:00 0 
7f9fbca10000-7f9fbcb0e000 rw-p 00000000 00:00 0 
7f9fbcb0e000-7f9fbcb11000 ---p 00000000 00:00 0 
7f9fbcb11000-7f9fbcc0f000 rw-p 00000000 00:00 0 
7f9fbcc0f000-7f9fbcc26000 r-xp 00000000 08:05 6493207                    /usr/lib/jvm/java-8-oracle/jre/lib/amd64/libnet.so
7f9fbcc26000-7f9fbce25000 ---p 00017000 08:05 6493207                    /usr/lib/jvm/java-8-oracle/jre/lib/amd64/libnet.so
7f9fbce25000-7f9fbce26000 rw-p 00016000 08:05 6493207                    /usr/lib/jvm/java-8-oracle/jre/lib/amd64/libnet.so
7f9fbce26000-7f9fbce29000 ---p 00000000 00:00 0 
7f9fbce29000-7f9fbcf27000 rw-p 00000000 00:00 0 
7f9fbcf27000-7f9fbcf2a000 ---p 00000000 00:00 0 
7f9fbcf2a000-7f9fbd028000 rw-p 00000000 00:00 0 
7f9fbd028000-7f9fbd02b000 ---p 00000000 00:00 0 
7f9fbd02b000-7f9fbd129000 rw-p 00000000 00:00 0 
7f9fbd129000-7f9fbd401000 r--p 00000000 08:05 6184646                    /usr/lib/locale/locale-archive
7f9fbd401000-7f9fbd404000 ---p 00000000 00:00 0 
7f9fbd404000-7f9fbd502000 rw-p 00000000 00:00 0 
7f9fbd502000-7f9fbd505000 ---p 00000000 00:00 0 
7f9fbd505000-7f9fbd603000 rw-p 00000000 00:00 0 
7f9fbd603000-7f9fbd604000 ---p 00000000 00:00 0 
7f9fbd604000-7f9fc4000000 rw-p 00000000 00:00 0 
7f9fc4000000-7f9fc4021000 rw-p 00000000 00:00 0 
7f9fc4021000-7f9fc8000000 ---p 00000000 00:00 0 
7f9fc8000000-7f9fc8021000 rw-p 00000000 00:00 0 
7f9fc8021000-7f9fcc000000 ---p 00000000 00:00 0 
7f9fcc000000-7f9fcc021000 rw-p 00000000 00:00 0 
7f9fcc021000-7f9fd0000000 ---p 00000000 00:00 0 
7f9fd0000000-7f9fd0021000 rw-p 00000000 00:00 0 
7f9fd0021000-7f9fd4000000 ---p 00000000 00:00 0 
7f9fd400d000-7f9fd4015000 rw-s 00000000 00:05 1997406                    /drm mm object (deleted)
7f9fd4015000-7f9fd401d000 rw-s 00000000 00:05 1997396                    /drm mm object (deleted)
7f9fd401d000-7f9fd4027000 r--p 00000000 00:2c 3960501                    /home/francisco/.config/dconf/user
7f9fd4027000-7f9fd402f000 rw-s 00000000 00:05 1997379                    /drm mm object (deleted)
7f9fd402f000-7f9fd5000000 rw-p 00000000 00:00 0 
7f9fd5000000-7f9fd53e0000 rwxp 00000000 00:00 0 
7f9fd53e0000-7f9fe4000000 ---p 00000000 00:00 0 
7f9fe4000000-7f9fe450e000 rw-p 00000000 00:00 0 
7f9fe450e000-7f9fe8000000 ---p 00000000 00:00 0 
7f9fe8001000-7f9fe8002000 rw-s 00000000 00:05 1997398                    /drm mm object (deleted)
7f9fe8002000-7f9fe8004000 r--s 0001a000 00:2c 3963871                    /home/francisco/Trabajo/idea-IU-173.3727.127/lib/idea_rt.jar
7f9fe8004000-7f9fe8006000 r--s 00009000 00:2c 3940184                    /home/francisco/.m2/repository/org/hamcrest/hamcrest-core/1.3/hamcrest-core-1.3.jar
7f9fe8006000-7f9fe800e000 r--s 00045000 00:2c 3940222                    /home/francisco/.m2/repository/junit/junit/4.12/junit-4.12.jar
7f9fe800e000-7f9fe8021000 r--s 00345000 08:05 6492998                    /usr/lib/jvm/java-8-oracle/jre/lib/resources.jar
7f9fe8021000-7f9fe8171000 rw-p 00000000 00:00 0 
7f9fe8171000-7f9fe834a000 r--s 03d5a000 08:05 6492994                    /usr/lib/jvm/java-8-oracle/jre/lib/rt.jar
7f9fe834a000-7f9fe83c0000 rw-p 00000000 00:00 0 
7f9fe83c0000-7f9fe83c1000 ---p 00000000 00:00 0 
7f9fe83c1000-7f9fe84c1000 rw-p 00000000 00:00 0 
7f9fe84c1000-7f9fe84c2000 ---p 00000000 00:00 0 
7f9fe84c2000-7f9fe85c2000 rw-p 00000000 00:00 0 
7f9fe85c2000-7f9fe85c3000 ---p 00000000 00:00 0 
7f9fe85c3000-7f9fe86c3000 rw-p 00000000 00:00 0 
7f9fe86c3000-7f9fe86c4000 ---p 00000000 00:00 0 
7f9fe86c4000-7f9fe8ac2000 rw-p 00000000 00:00 0 
7f9fe8ac2000-7f9fe8ba4000 ---p 00000000 00:00 0 
7f9fe8ba4000-7f9fe8ea2000 rw-p 00000000 00:00 0 
7f9fe8ea2000-7f9fe8f83000 ---p 00000000 00:00 0 
7f9fe8f83000-7f9fe9169000 rw-p 00000000 00:00 0 
7f9fe9169000-7f9fe9173000 ---p 00000000 00:00 0 
7f9fe9173000-7f9fe9184000 rw-p 00000000 00:00 0 
7f9fe9184000-7f9fe9534000 ---p 00000000 00:00 0 
7f9fe9534000-7f9fe954f000 r-xp 00000000 08:05 6493203                    /usr/lib/jvm/java-8-oracle/jre/lib/amd64/libzip.so
7f9fe954f000-7f9fe974f000 ---p 0001b000 08:05 6493203                    /usr/lib/jvm/java-8-oracle/jre/lib/amd64/libzip.so
7f9fe974f000-7f9fe9750000 rw-p 0001b000 08:05 6493203                    /usr/lib/jvm/java-8-oracle/jre/lib/amd64/libzip.so
7f9fe9750000-7f9fe975b000 r-xp 00000000 08:05 1573284                    /lib/x86_64-linux-gnu/libnss_files-2.23.so
7f9fe975b000-7f9fe995a000 ---p 0000b000 08:05 1573284                    /lib/x86_64-linux-gnu/libnss_files-2.23.so
7f9fe995a000-7f9fe995b000 r--p 0000a000 08:05 1573284                    /lib/x86_64-linux-gnu/libnss_files-2.23.so
7f9fe995b000-7f9fe995c000 rw-p 0000b000 08:05 1573284                    /lib/x86_64-linux-gnu/libnss_files-2.23.so
7f9fe995c000-7f9fe9962000 rw-p 00000000 00:00 0 
7f9fe9962000-7f9fe996d000 r-xp 00000000 08:05 1573290                    /lib/x86_64-linux-gnu/libnss_nis-2.23.so
7f9fe996d000-7f9fe9b6c000 ---p 0000b000 08:05 1573290                    /lib/x86_64-linux-gnu/libnss_nis-2.23.so
7f9fe9b6c000-7f9fe9b6d000 r--p 0000a000 08:05 1573290                    /lib/x86_64-linux-gnu/libnss_nis-2.23.so
7f9fe9b6d000-7f9fe9b6e000 rw-p 0000b000 08:05 1573290                    /lib/x86_64-linux-gnu/libnss_nis-2.23.so
7f9fe9b6e000-7f9fe9b84000 r-xp 00000000 08:05 1573276                    /lib/x86_64-linux-gnu/libnsl-2.23.so
7f9fe9b84000-7f9fe9d83000 ---p 00016000 08:05 1573276                    /lib/x86_64-linux-gnu/libnsl-2.23.so
7f9fe9d83000-7f9fe9d84000 r--p 00015000 08:05 1573276                    /lib/x86_64-linux-gnu/libnsl-2.23.so
7f9fe9d84000-7f9fe9d85000 rw-p 00016000 08:05 1573276                    /lib/x86_64-linux-gnu/libnsl-2.23.so
7f9fe9d85000-7f9fe9d87000 rw-p 00000000 00:00 0 
7f9fe9d87000-7f9fe9d8f000 r-xp 00000000 08:05 1573303                    /lib/x86_64-linux-gnu/libnss_compat-2.23.so
7f9fe9d8f000-7f9fe9f8e000 ---p 00008000 08:05 1573303                    /lib/x86_64-linux-gnu/libnss_compat-2.23.so
7f9fe9f8e000-7f9fe9f8f000 r--p 00007000 08:05 1573303                    /lib/x86_64-linux-gnu/libnss_compat-2.23.so
7f9fe9f8f000-7f9fe9f90000 rw-p 00008000 08:05 1573303                    /lib/x86_64-linux-gnu/libnss_compat-2.23.so
7f9fe9f90000-7f9fe9f9a000 r-xp 00000000 08:05 6493212                    /usr/lib/jvm/java-8-oracle/jre/lib/amd64/libinstrument.so
7f9fe9f9a000-7f9fea199000 ---p 0000a000 08:05 6493212                    /usr/lib/jvm/java-8-oracle/jre/lib/amd64/libinstrument.so
7f9fea199000-7f9fea19a000 rw-p 00009000 08:05 6493212                    /usr/lib/jvm/java-8-oracle/jre/lib/amd64/libinstrument.so
7f9fea19a000-7f9fea1c5000 r-xp 00000000 08:05 6493197                    /usr/lib/jvm/java-8-oracle/jre/lib/amd64/libjava.so
7f9fea1c5000-7f9fea3c4000 ---p 0002b000 08:05 6493197                    /usr/lib/jvm/java-8-oracle/jre/lib/amd64/libjava.so
7f9fea3c4000-7f9fea3c6000 rw-p 0002a000 08:05 6493197                    /usr/lib/jvm/java-8-oracle/jre/lib/amd64/libjava.so
7f9fea3c6000-7f9fea3d3000 r-xp 00000000 08:05 6493202                    /usr/lib/jvm/java-8-oracle/jre/lib/amd64/libverify.so
7f9fea3d3000-7f9fea5d3000 ---p 0000d000 08:05 6493202                    /usr/lib/jvm/java-8-oracle/jre/lib/amd64/libverify.so
7f9fea5d3000-7f9fea5d5000 rw-p 0000d000 08:05 6493202                    /usr/lib/jvm/java-8-oracle/jre/lib/amd64/libverify.so
7f9fea5d5000-7f9fea5dc000 r-xp 00000000 08:05 1573294                    /lib/x86_64-linux-gnu/librt-2.23.so
7f9fea5dc000-7f9fea7db000 ---p 00007000 08:05 1573294                    /lib/x86_64-linux-gnu/librt-2.23.so
7f9fea7db000-7f9fea7dc000 r--p 00006000 08:05 1573294                    /lib/x86_64-linux-gnu/librt-2.23.so
7f9fea7dc000-7f9fea7dd000 rw-p 00007000 08:05 1573294                    /lib/x86_64-linux-gnu/librt-2.23.so
7f9fea7dd000-7f9fea8e5000 r-xp 00000000 08:05 1573313                    /lib/x86_64-linux-gnu/libm-2.23.so
7f9fea8e5000-7f9feaae4000 ---p 00108000 08:05 1573313                    /lib/x86_64-linux-gnu/libm-2.23.so
7f9feaae4000-7f9feaae5000 r--p 00107000 08:05 1573313                    /lib/x86_64-linux-gnu/libm-2.23.so
7f9feaae5000-7f9feaae6000 rw-p 00108000 08:05 1573313                    /lib/x86_64-linux-gnu/libm-2.23.so
7f9feaae6000-7f9feb7b9000 r-xp 00000000 08:05 6493223                    /usr/lib/jvm/java-8-oracle/jre/lib/amd64/server/libjvm.so
7f9feb7b9000-7f9feb9b8000 ---p 00cd3000 08:05 6493223                    /usr/lib/jvm/java-8-oracle/jre/lib/amd64/server/libjvm.so
7f9feb9b8000-7f9feba92000 rw-p 00cd2000 08:05 6493223                    /usr/lib/jvm/java-8-oracle/jre/lib/amd64/server/libjvm.so
7f9feba92000-7f9febadd000 rw-p 00000000 00:00 0 
7f9febadd000-7f9febc9d000 r-xp 00000000 08:05 1573320                    /lib/x86_64-linux-gnu/libc-2.23.so
7f9febc9d000-7f9febe9d000 ---p 001c0000 08:05 1573320                    /lib/x86_64-linux-gnu/libc-2.23.so
7f9febe9d000-7f9febea1000 r--p 001c0000 08:05 1573320                    /lib/x86_64-linux-gnu/libc-2.23.so
7f9febea1000-7f9febea3000 rw-p 001c4000 08:05 1573320                    /lib/x86_64-linux-gnu/libc-2.23.so
7f9febea3000-7f9febea7000 rw-p 00000000 00:00 0 
7f9febea7000-7f9febeaa000 r-xp 00000000 08:05 1573300                    /lib/x86_64-linux-gnu/libdl-2.23.so
7f9febeaa000-7f9fec0a9000 ---p 00003000 08:05 1573300                    /lib/x86_64-linux-gnu/libdl-2.23.so
7f9fec0a9000-7f9fec0aa000 r--p 00002000 08:05 1573300                    /lib/x86_64-linux-gnu/libdl-2.23.so
7f9fec0aa000-7f9fec0ab000 rw-p 00003000 08:05 1573300                    /lib/x86_64-linux-gnu/libdl-2.23.so
7f9fec0ab000-7f9fec0c1000 r-xp 00000000 08:05 6372637                    /usr/lib/jvm/java-8-oracle/lib/amd64/jli/libjli.so
7f9fec0c1000-7f9fec2c0000 ---p 00016000 08:05 6372637                    /usr/lib/jvm/java-8-oracle/lib/amd64/jli/libjli.so
7f9fec2c0000-7f9fec2c1000 rw-p 00015000 08:05 6372637                    /usr/lib/jvm/java-8-oracle/lib/amd64/jli/libjli.so
7f9fec2c1000-7f9fec2d9000 r-xp 00000000 08:05 1573288                    /lib/x86_64-linux-gnu/libpthread-2.23.so
7f9fec2d9000-7f9fec4d8000 ---p 00018000 08:05 1573288                    /lib/x86_64-linux-gnu/libpthread-2.23.so
7f9fec4d8000-7f9fec4d9000 r--p 00017000 08:05 1573288                    /lib/x86_64-linux-gnu/libpthread-2.23.so
7f9fec4d9000-7f9fec4da000 rw-p 00018000 08:05 1573288                    /lib/x86_64-linux-gnu/libpthread-2.23.so
7f9fec4da000-7f9fec4de000 rw-p 00000000 00:00 0 
7f9fec4de000-7f9fec504000 r-xp 00000000 08:05 1573278                    /lib/x86_64-linux-gnu/ld-2.23.so
7f9fec504000-7f9fec505000 r--s 00000000 00:2d 42                         /run/user/1000/dconf/user
7f9fec505000-7f9fec50f000 r--s 000e4000 00:2c 3940267                    /home/francisco/.m2/repository/mysql/mysql-connector-java/5.1.36/mysql-connector-java-5.1.36.jar
7f9fec50f000-7f9fec522000 r--s 000d6000 08:05 6492985                    /usr/lib/jvm/java-8-oracle/jre/lib/plugin.jar
7f9fec522000-7f9fec523000 r--s 00000000 08:05 6492978                    /usr/lib/jvm/java-8-oracle/jre/lib/management-agent.jar
7f9fec523000-7f9fec528000 r--s 0009a000 08:05 6492999                    /usr/lib/jvm/java-8-oracle/jre/lib/jsse.jar
7f9fec528000-7f9fec52a000 r--s 00007000 08:05 6493007                    /usr/lib/jvm/java-8-oracle/jre/lib/jfxswt.jar
7f9fec52a000-7f9fec545000 r--s 0020b000 08:05 6492972                    /usr/lib/jvm/java-8-oracle/jre/lib/deploy.jar
7f9fec545000-7f9fec5db000 rw-p 00000000 00:00 0 
7f9fec5db000-7f9fec5de000 ---p 00000000 00:00 0 
7f9fec5de000-7f9fec6e0000 rw-p 00000000 00:00 0 
7f9fec6e0000-7f9fec6e5000 r--s 00084000 08:05 6492971                    /usr/lib/jvm/java-8-oracle/jre/lib/jfr.jar
7f9fec6e5000-7f9fec6e8000 r--s 0001a000 08:05 6493005                    /usr/lib/jvm/java-8-oracle/jre/lib/jce.jar
7f9fec6e8000-7f9fec6f2000 r--s 0006c000 08:05 6492981                    /usr/lib/jvm/java-8-oracle/jre/lib/javaws.jar
7f9fec6f2000-7f9fec6f7000 r--s 002f9000 08:05 6492992                    /usr/lib/jvm/java-8-oracle/jre/lib/charsets.jar
7f9fec6f7000-7f9fec6ff000 rw-s 00000000 08:05 5505075                    /tmp/hsperfdata_francisco/9434
7f9fec6ff000-7f9fec700000 rw-p 00000000 00:00 0 
7f9fec700000-7f9fec701000 ---p 00000000 00:00 0 
7f9fec701000-7f9fec703000 rw-p 00000000 00:00 0 
7f9fec703000-7f9fec704000 r--p 00025000 08:05 1573278                    /lib/x86_64-linux-gnu/ld-2.23.so
7f9fec704000-7f9fec705000 rw-p 00026000 08:05 1573278                    /lib/x86_64-linux-gnu/ld-2.23.so
7f9fec705000-7f9fec706000 rw-p 00000000 00:00 0 
7ffcfeba9000-7ffcfebcb000 rw-p 00000000 00:00 0                          [stack]
7ffcfebd5000-7ffcfebd7000 r--p 00000000 00:00 0                          [vvar]
7ffcfebd7000-7ffcfebd9000 r-xp 00000000 00:00 0                          [vdso]
ffffffffff600000-ffffffffff601000 r-xp 00000000 00:00 0                  [vsyscall]

VM Arguments:
jvm_args: -javaagent:/home/francisco/Trabajo/idea-IU-173.3727.127/lib/idea_rt.jar=38565:/home/francisco/Trabajo/idea-IU-173.3727.127/bin -Dfile.encoding=UTF-8 
java_command: com.fm.scheduling.ui.calendarTest.MyCalendarView
java_class_path (initial): /usr/lib/jvm/java-8-oracle/jre/lib/charsets.jar:/usr/lib/jvm/java-8-oracle/jre/lib/deploy.jar:/usr/lib/jvm/java-8-oracle/jre/lib/ext/cldrdata.jar:/usr/lib/jvm/java-8-oracle/jre/lib/ext/dnsns.jar:/usr/lib/jvm/java-8-oracle/jre/lib/ext/jaccess.jar:/usr/lib/jvm/java-8-oracle/jre/lib/ext/jfxrt.jar:/usr/lib/jvm/java-8-oracle/jre/lib/ext/localedata.jar:/usr/lib/jvm/java-8-oracle/jre/lib/ext/nashorn.jar:/usr/lib/jvm/java-8-oracle/jre/lib/ext/sunec.jar:/usr/lib/jvm/java-8-oracle/jre/lib/ext/sunjce_provider.jar:/usr/lib/jvm/java-8-oracle/jre/lib/ext/sunpkcs11.jar:/usr/lib/jvm/java-8-oracle/jre/lib/ext/zipfs.jar:/usr/lib/jvm/java-8-oracle/jre/lib/javaws.jar:/usr/lib/jvm/java-8-oracle/jre/lib/jce.jar:/usr/lib/jvm/java-8-oracle/jre/lib/jfr.jar:/usr/lib/jvm/java-8-oracle/jre/lib/jfxswt.jar:/usr/lib/jvm/java-8-oracle/jre/lib/jsse.jar:/usr/lib/jvm/java-8-oracle/jre/lib/management-agent.jar:/usr/lib/jvm/java-8-oracle/jre/lib/plugin.jar:/usr/lib/jvm/java-8-oracle/jre/lib/resources.jar:/usr/lib/jvm/java-8-oracle/jre/lib/rt.jar:/home/francisco/Trabajo/Proyectos/Scheduling/target/classes:/home/francisco/.m2/repository/mysql/mysql-connector-java/5.1.36/mysql-connector-java-5.1.36.jar:/home/francisco/.m2/repository/junit/junit/4.12/junit-4.12.jar:/home/francisco/.m2/repository/org/hamcrest/hamcrest-core/1.3/hamcrest-core-1.3.jar:/home/francisco/Trabajo/idea-IU-173.3727.127/lib/idea_rt.jar
Launcher Type: SUN_STANDARD

Environment Variables:
JAVA_HOME=/usr/lib/jvm/java-8-oracle
PATH=/home/francisco/bin:/home/francisco/.local/bin:/usr/local/sbin:/usr/local/bin:/usr/sbin:/usr/bin:/sbin:/bin:/usr/games:/usr/local/games:/snap/bin:/usr/lib/jvm/java-8-oracle/bin:/usr/lib/jvm/java-8-oracle/db/bin:/usr/lib/jvm/java-8-oracle/jre/bin::/usr/bin:/home/francisco/Trabajo/apache-maven-3.3.9/bin
SHELL=/bin/bash
DISPLAY=:0

Signal Handlers:
SIGSEGV: [libjvm.so+0xacbe10], sa_mask[0]=11111111011111111101111111111110, sa_flags=SA_RESTART|SA_SIGINFO
SIGBUS: [libjvm.so+0xacbe10], sa_mask[0]=11111111011111111101111111111110, sa_flags=SA_RESTART|SA_SIGINFO
SIGFPE: [libjvm.so+0x924f90], sa_mask[0]=11111111011111111101111111111110, sa_flags=SA_RESTART|SA_SIGINFO
SIGPIPE: SIG_IGN, sa_mask[0]=00000000000010000000000000000000, sa_flags=SA_RESTART
SIGXFSZ: [libjvm.so+0x924f90], sa_mask[0]=11111111011111111101111111111110, sa_flags=SA_RESTART|SA_SIGINFO
SIGILL: [libjvm.so+0x924f90], sa_mask[0]=11111111011111111101111111111110, sa_flags=SA_RESTART|SA_SIGINFO
SIGUSR1: SIG_DFL, sa_mask[0]=00000000000000000000000000000000, sa_flags=none
SIGUSR2: [libjvm.so+0x9267d0], sa_mask[0]=00100000000000000000000000000000, sa_flags=SA_RESTART|SA_SIGINFO
SIGHUP: [libjvm.so+0x927bd0], sa_mask[0]=11111111011111111101111111111110, sa_flags=SA_RESTART|SA_SIGINFO
SIGINT: [libjvm.so+0x927bd0], sa_mask[0]=11111111011111111101111111111110, sa_flags=SA_RESTART|SA_SIGINFO
SIGTERM: [libjvm.so+0x927bd0], sa_mask[0]=11111111011111111101111111111110, sa_flags=SA_RESTART|SA_SIGINFO
SIGQUIT: [libjvm.so+0x927bd0], sa_mask[0]=11111111011111111101111111111110, sa_flags=SA_RESTART|SA_SIGINFO


---------------  S Y S T E M  ---------------

OS:DISTRIB_ID=Ubuntu
DISTRIB_RELEASE=16.04
DISTRIB_CODENAME=xenial
DISTRIB_DESCRIPTION="Ubuntu 16.04.3 LTS"

uname:Linux 4.4.0-104-generic #127-Ubuntu SMP Mon Dec 11 12:16:42 UTC 2017 x86_64
libc:glibc 2.23 NPTL 2.23 
rlimit: STACK 8192k, CORE 0k, NPROC 47092, NOFILE 1048576, AS infinity
load average:1.69 0.76 0.65

/proc/meminfo:
MemTotal:       12179920 kB
MemFree:          346760 kB
MemAvailable:     316552 kB
Buffers:            5948 kB
Cached:           823176 kB
SwapCached:        12636 kB
Active:          9712236 kB
Inactive:        1691836 kB
Active(anon):    9701824 kB
Inactive(anon):  1544376 kB
Active(file):      10412 kB
Inactive(file):   147460 kB
Unevictable:         240 kB
Mlocked:             240 kB
SwapTotal:       1023484 kB
SwapFree:           2232 kB
Dirty:               812 kB
Writeback:             0 kB
AnonPages:      10563916 kB
Mapped:           531352 kB
Shmem:            670024 kB
Slab:             188136 kB
SReclaimable:      87884 kB
SUnreclaim:       100252 kB
KernelStack:       22064 kB
PageTables:       113164 kB
NFS_Unstable:          0 kB
Bounce:                0 kB
WritebackTmp:          0 kB
CommitLimit:     7113444 kB
Committed_AS:   23489040 kB
VmallocTotal:   34359738367 kB
VmallocUsed:           0 kB
VmallocChunk:          0 kB
HardwareCorrupted:     0 kB
AnonHugePages:   4352000 kB
CmaTotal:              0 kB
CmaFree:               0 kB
HugePages_Total:       0
HugePages_Free:        0
HugePages_Rsvd:        0
HugePages_Surp:        0
Hugepagesize:       2048 kB
DirectMap4k:      437776 kB
DirectMap2M:    12021760 kB
DirectMap1G:           0 kB


CPU:total 4 (initial active 4) (2 cores per cpu, 2 threads per core) family 6 model 61 stepping 4, cmov, cx8, fxsr, mmx, sse, sse2, sse3, ssse3, sse4.1, sse4.2, popcnt, avx, avx2, aes, clmul, erms, rtm, 3dnowpref, lzcnt, ht, tsc, tscinvbit, bmi1, bmi2, adx

/proc/cpuinfo:
processor	: 0
vendor_id	: GenuineIntel
cpu family	: 6
model		: 61
model name	: Intel(R) Core(TM) i7-5600U CPU @ 2.60GHz
stepping	: 4
microcode	: 0x25
cpu MHz		: 3139.703
cache size	: 4096 KB
physical id	: 0
siblings	: 4
core id		: 0
cpu cores	: 2
apicid		: 0
initial apicid	: 0
fpu		: yes
fpu_exception	: yes
cpuid level	: 20
wp		: yes
flags		: fpu vme de pse tsc msr pae mce cx8 apic sep mtrr pge mca cmov pat pse36 clflush dts acpi mmx fxsr sse sse2 ss ht tm pbe syscall nx pdpe1gb rdtscp lm constant_tsc arch_perfmon pebs bts rep_good nopl xtopology nonstop_tsc aperfmperf eagerfpu pni pclmulqdq dtes64 monitor ds_cpl vmx smx est tm2 ssse3 sdbg fma cx16 xtpr pdcm pcid sse4_1 sse4_2 x2apic movbe popcnt tsc_deadline_timer aes xsave avx f16c rdrand lahf_lm abm 3dnowprefetch epb intel_pt tpr_shadow vnmi flexpriority ept vpid fsgsbase tsc_adjust bmi1 hle avx2 smep bmi2 erms invpcid rtm rdseed adx smap xsaveopt dtherm ida arat pln pts
bugs		:
bogomips	: 5188.33
clflush size	: 64
cache_alignment	: 64
address sizes	: 39 bits physical, 48 bits virtual
power management:

processor	: 1
vendor_id	: GenuineIntel
cpu family	: 6
model		: 61
model name	: Intel(R) Core(TM) i7-5600U CPU @ 2.60GHz
stepping	: 4
microcode	: 0x25
cpu MHz		: 3094.000
cache size	: 4096 KB
physical id	: 0
siblings	: 4
core id		: 0
cpu cores	: 2
apicid		: 1
initial apicid	: 1
fpu		: yes
fpu_exception	: yes
cpuid level	: 20
wp		: yes
flags		: fpu vme de pse tsc msr pae mce cx8 apic sep mtrr pge mca cmov pat pse36 clflush dts acpi mmx fxsr sse sse2 ss ht tm pbe syscall nx pdpe1gb rdtscp lm constant_tsc arch_perfmon pebs bts rep_good nopl xtopology nonstop_tsc aperfmperf eagerfpu pni pclmulqdq dtes64 monitor ds_cpl vmx smx est tm2 ssse3 sdbg fma cx16 xtpr pdcm pcid sse4_1 sse4_2 x2apic movbe popcnt tsc_deadline_timer aes xsave avx f16c rdrand lahf_lm abm 3dnowprefetch epb intel_pt tpr_shadow vnmi flexpriority ept vpid fsgsbase tsc_adjust bmi1 hle avx2 smep bmi2 erms invpcid rtm rdseed adx smap xsaveopt dtherm ida arat pln pts
bugs		:
bogomips	: 5188.33
clflush size	: 64
cache_alignment	: 64
address sizes	: 39 bits physical, 48 bits virtual
power management:

processor	: 2
vendor_id	: GenuineIntel
cpu family	: 6
model		: 61
model name	: Intel(R) Core(TM) i7-5600U CPU @ 2.60GHz
stepping	: 4
microcode	: 0x25
cpu MHz		: 2939.320
cache size	: 4096 KB
physical id	: 0
siblings	: 4
core id		: 1
cpu cores	: 2
apicid		: 2
initial apicid	: 2
fpu		: yes
fpu_exception	: yes
cpuid level	: 20
wp		: yes
flags		: fpu vme de pse tsc msr pae mce cx8 apic sep mtrr pge mca cmov pat pse36 clflush dts acpi mmx fxsr sse sse2 ss ht tm pbe syscall nx pdpe1gb rdtscp lm constant_tsc arch_perfmon pebs bts rep_good nopl xtopology nonstop_tsc aperfmperf eagerfpu pni pclmulqdq dtes64 monitor ds_cpl vmx smx est tm2 ssse3 sdbg fma cx16 xtpr pdcm pcid sse4_1 sse4_2 x2apic movbe popcnt tsc_deadline_timer aes xsave avx f16c rdrand lahf_lm abm 3dnowprefetch epb intel_pt tpr_shadow vnmi flexpriority ept vpid fsgsbase tsc_adjust bmi1 hle avx2 smep bmi2 erms invpcid rtm rdseed adx smap xsaveopt dtherm ida arat pln pts
bugs		:
bogomips	: 5188.33
clflush size	: 64
cache_alignment	: 64
address sizes	: 39 bits physical, 48 bits virtual
power management:

processor	: 3
vendor_id	: GenuineIntel
cpu family	: 6
model		: 61
model name	: Intel(R) Core(TM) i7-5600U CPU @ 2.60GHz
stepping	: 4
microcode	: 0x25
cpu MHz		: 3099.992
cache size	: 4096 KB
physical id	: 0
siblings	: 4
core id		: 1
cpu cores	: 2
apicid		: 3
initial apicid	: 3
fpu		: yes
fpu_exception	: yes
cpuid level	: 20
wp		: yes
flags		: fpu vme de pse tsc msr pae mce cx8 apic sep mtrr pge mca cmov pat pse36 clflush dts acpi mmx fxsr sse sse2 ss ht tm pbe syscall nx pdpe1gb rdtscp lm constant_tsc arch_perfmon pebs bts rep_good nopl xtopology nonstop_tsc aperfmperf eagerfpu pni pclmulqdq dtes64 monitor ds_cpl vmx smx est tm2 ssse3 sdbg fma cx16 xtpr pdcm pcid sse4_1 sse4_2 x2apic movbe popcnt tsc_deadline_timer aes xsave avx f16c rdrand lahf_lm abm 3dnowprefetch epb intel_pt tpr_shadow vnmi flexpriority ept vpid fsgsbase tsc_adjust bmi1 hle avx2 smep bmi2 erms invpcid rtm rdseed adx smap xsaveopt dtherm ida arat pln pts
bugs		:
bogomips	: 5188.33
clflush size	: 64
cache_alignment	: 64
address sizes	: 39 bits physical, 48 bits virtual
power management:



Memory: 4k page, physical 12179920k(346760k free), swap 1023484k(2232k free)

vm_info: Java HotSpot(TM) 64-Bit Server VM (25.151-b12) for linux-amd64 JRE (1.8.0_151-b12), built on Sep  5 2017 19:20:58 by "java_re" with gcc 4.3.0 20080428 (Red Hat 4.3.0-8)

time: Tue Jan  9 12:27:29 2018
elapsed time: 22 seconds (0d 0h 0m 22s)

